SF:lib\domain\usecases\search_movies.dart
DA:8,1
DA:10,1
DA:11,2
LF:3
LH:3
end_of_record
SF:lib\domain\usecases\search_tv.dart
DA:8,1
DA:10,1
DA:11,2
LF:3
LH:3
end_of_record
SF:lib\presentation\provider\movie_search_notifier.dart
DA:9,1
DA:12,2
DA:15,2
DA:18,2
DA:20,1
DA:21,1
DA:22,1
DA:23,2
DA:24,1
DA:25,1
DA:26,2
DA:27,1
DA:28,1
DA:30,1
DA:31,1
DA:32,1
DA:33,1
LF:17
LH:17
end_of_record
SF:lib\presentation\provider\tv_search_notifier.dart
DA:8,1
DA:11,2
DA:14,2
DA:17,2
DA:19,1
DA:20,1
DA:21,1
DA:22,2
DA:23,1
DA:24,1
DA:25,2
DA:26,1
DA:27,1
DA:29,1
DA:30,1
DA:31,1
DA:32,1
LF:17
LH:17
end_of_record
SF:lib\presentation\pages\search_movie_page.dart
DA:9,1
DA:11,1
DA:13,1
DA:14,1
DA:17,1
DA:19,1
DA:21,1
DA:22,1
DA:24,1
DA:25,1
DA:28,1
DA:38,1
DA:40,1
DA:42,1
DA:43,1
DA:44,2
DA:51,2
DA:52,1
DA:53,1
DA:58,1
DA:60,1
DA:63,1
DA:64,1
DA:65,2
DA:66,1
DA:67,2
DA:73,2
DA:74,1
DA:75,1
DA:77,2
DA:94,1
DA:99,1
DA:101,1
DA:102,1
DA:103,1
DA:105,1
DA:107,1
DA:108,1
DA:109,1
DA:110,1
DA:111,1
LF:41
LH:41
end_of_record
SF:lib\presentation\pages\search_tv_page.dart
DA:9,1
DA:11,1
DA:13,1
DA:14,1
DA:17,1
DA:19,1
DA:21,1
DA:22,1
DA:24,1
DA:25,1
DA:28,1
DA:38,1
DA:40,1
DA:42,1
DA:43,1
DA:44,2
DA:51,2
DA:52,1
DA:53,1
DA:58,1
DA:60,1
DA:63,1
DA:64,1
DA:65,2
DA:66,1
DA:67,2
DA:73,2
DA:74,1
DA:75,1
DA:77,2
DA:94,1
DA:99,1
DA:101,1
DA:102,1
DA:103,1
DA:105,1
DA:107,1
DA:108,1
DA:109,1
DA:110,1
DA:111,1
LF:41
LH:41
end_of_record
