SF:lib\domain\usecases\search_movies.dart
DA:8,1
DA:10,1
DA:11,2
LF:3
LH:3
end_of_record
SF:lib\domain\usecases\search_tv.dart
DA:8,1
DA:10,1
DA:11,2
LF:3
LH:3
end_of_record
SF:lib\presentation\bloc\search_bloc.dart
DA:15,1
DA:18,2
DA:19,1
DA:20,2
DA:21,1
DA:23,1
DA:24,2
DA:25,1
DA:29,1
DA:33,1
DA:34,2
DA:35,2
DA:36,1
DA:37,4
DA:38,1
DA:39,3
DA:40,2
DA:45,1
DA:49,1
DA:50,2
DA:51,2
DA:52,1
DA:53,4
DA:54,1
DA:55,3
DA:56,2
DA:62,1
DA:63,3
LF:28
LH:28
end_of_record
SF:lib\presentation\bloc\search_event.dart
DA:4,3
DA:5,0
DA:6,0
DA:11,2
DA:12,0
DA:13,0
DA:18,2
DA:19,0
DA:20,0
LF:9
LH:3
end_of_record
SF:lib\presentation\bloc\search_state.dart
DA:4,6
DA:5,1
DA:6,1
DA:17,4
DA:18,1
DA:19,2
DA:24,2
DA:25,1
DA:26,2
DA:31,2
DA:32,1
DA:33,2
LF:12
LH:12
end_of_record
SF:lib\presentation\pages\search_movie_page.dart
DA:9,1
DA:11,1
DA:13,1
DA:14,1
DA:17,1
DA:19,1
DA:21,1
DA:22,1
DA:24,1
DA:25,3
DA:35,1
DA:37,1
DA:39,1
DA:40,1
DA:41,1
DA:48,1
DA:49,1
DA:50,1
DA:52,1
DA:55,1
DA:56,1
DA:57,1
DA:58,1
DA:59,2
DA:65,1
DA:66,1
DA:67,1
DA:69,2
DA:72,1
DA:90,3
DA:95,1
DA:97,1
DA:98,1
DA:99,1
DA:101,1
DA:103,1
DA:104,1
DA:105,1
DA:106,1
DA:107,1
LF:40
LH:40
end_of_record
SF:lib\presentation\pages\search_tv_page.dart
DA:9,1
DA:11,1
DA:13,1
DA:14,1
DA:17,1
DA:19,1
DA:21,1
DA:22,1
DA:24,1
DA:25,3
DA:35,1
DA:37,1
DA:39,1
DA:40,1
DA:41,1
DA:48,1
DA:49,1
DA:50,1
DA:52,1
DA:55,1
DA:56,1
DA:57,1
DA:58,1
DA:59,2
DA:65,1
DA:66,1
DA:67,1
DA:69,2
DA:72,1
DA:90,3
DA:95,1
DA:97,1
DA:98,1
DA:99,1
DA:101,1
DA:103,1
DA:104,1
DA:105,1
DA:106,1
DA:107,1
LF:40
LH:40
end_of_record
