SF:lib\data\models\tv_detail_model.dart
DA:24,18
DA:44,2
DA:45,1
DA:46,1
DA:47,1
DA:48,1
DA:49,4
DA:51,1
DA:52,1
DA:53,1
DA:54,1
DA:55,4
DA:56,1
DA:57,1
DA:58,1
DA:59,2
DA:60,1
DA:61,2
DA:62,1
DA:63,1
DA:64,4
DA:68,1
DA:69,1
DA:70,1
DA:71,1
DA:72,1
DA:73,1
DA:74,1
DA:75,1
DA:76,1
DA:77,1
DA:78,5
DA:79,1
DA:80,1
DA:81,1
DA:82,1
DA:83,1
DA:84,5
DA:88,1
DA:89,1
DA:90,1
DA:91,1
DA:92,1
DA:93,1
DA:94,1
DA:95,1
DA:96,1
DA:97,1
DA:98,1
DA:99,1
DA:100,1
DA:101,1
DA:102,1
DA:103,1
DA:104,1
DA:105,1
DA:106,1
LF:57
LH:57
end_of_record
SF:lib\data\models\season_detail_model.dart
DA:14,2
DA:24,1
DA:25,1
DA:26,1
DA:27,1
DA:28,1
DA:29,1
DA:30,1
DA:31,1
DA:32,1
DA:33,4
DA:37,1
DA:38,1
DA:39,1
DA:40,1
DA:41,1
DA:42,1
DA:43,1
DA:44,1
DA:45,5
DA:49,1
DA:50,1
DA:51,1
DA:52,1
DA:53,1
DA:54,1
DA:55,1
DA:56,1
LF:28
LH:28
end_of_record
SF:lib\domain\usecases\get_on_the_air_tv.dart
DA:8,1
DA:10,1
DA:11,2
LF:3
LH:3
end_of_record
SF:lib\domain\usecases\get_popular_tv.dart
DA:8,1
DA:10,1
DA:11,2
LF:3
LH:3
end_of_record
SF:lib\domain\usecases\get_top_rated_tv.dart
DA:8,1
DA:10,1
DA:11,2
LF:3
LH:3
end_of_record
SF:lib\domain\usecases\get_season_detail.dart
DA:8,1
DA:10,1
DA:11,2
LF:3
LH:3
end_of_record
SF:lib\domain\entities\season_detail.dart
DA:13,18
DA:23,1
DA:24,1
DA:25,1
DA:26,1
DA:27,1
DA:28,1
DA:29,1
DA:30,1
DA:31,1
LF:10
LH:10
end_of_record
SF:lib\domain\usecases\get_tv_detail.dart
DA:8,1
DA:10,1
DA:11,2
LF:3
LH:3
end_of_record
SF:lib\domain\usecases\get_tv_recommendations.dart
DA:8,1
DA:10,1
DA:11,2
LF:3
LH:3
end_of_record
SF:lib\domain\entities\tv_detail.dart
DA:22,19
DA:40,1
DA:41,1
DA:42,1
DA:43,1
DA:44,1
DA:45,1
DA:46,1
DA:47,1
DA:48,1
DA:49,1
DA:50,1
DA:51,1
DA:52,1
DA:53,1
DA:54,1
DA:55,1
DA:56,1
LF:18
LH:18
end_of_record
SF:lib\data\datasources\tv_remote_data_source.dart
DA:19,1
DA:23,1
DA:25,2
DA:26,2
DA:28,2
DA:29,4
DA:31,1
DA:35,1
DA:37,2
DA:38,2
DA:40,2
DA:41,4
DA:43,1
DA:47,1
DA:49,4
DA:50,2
DA:51,4
DA:53,1
DA:57,1
DA:59,4
DA:60,2
DA:61,3
DA:63,1
DA:67,1
DA:69,2
DA:70,2
DA:72,2
DA:73,4
DA:75,1
DA:79,1
DA:81,2
DA:82,2
DA:84,2
DA:85,4
DA:87,1
DA:91,1
DA:93,2
DA:94,2
DA:96,2
DA:97,3
DA:99,1
LF:41
LH:41
end_of_record
SF:lib\presentation\provider\tv_list_notifier.dart
DA:10,1
DA:17,2
DA:19,2
DA:22,2
DA:24,2
DA:27,2
DA:29,2
DA:32,2
DA:34,1
DA:35,1
DA:36,1
DA:38,2
DA:39,1
DA:40,1
DA:41,1
DA:42,2
DA:43,1
DA:45,1
DA:46,1
DA:47,1
DA:48,1
DA:53,1
DA:54,1
DA:55,1
DA:56,2
DA:57,1
DA:58,1
DA:59,1
DA:60,2
DA:61,1
DA:63,1
DA:64,1
DA:65,1
DA:66,1
DA:71,1
DA:72,1
DA:73,1
DA:74,2
DA:75,1
DA:76,1
DA:77,1
DA:78,2
DA:79,1
DA:81,1
DA:82,1
DA:83,1
DA:84,1
LF:47
LH:47
end_of_record
SF:lib\presentation\provider\on_the_air_tv_notifier.dart
DA:8,1
DA:13,2
DA:15,2
DA:18,2
DA:20,1
DA:21,1
DA:22,1
DA:23,2
DA:24,1
DA:25,1
DA:26,2
DA:27,1
DA:28,1
DA:30,1
DA:31,1
DA:32,1
DA:33,1
LF:17
LH:17
end_of_record
SF:lib\presentation\provider\populer_tv_notifier.dart
DA:8,1
DA:13,2
DA:15,2
DA:18,2
DA:20,1
DA:21,1
DA:22,1
DA:23,2
DA:24,1
DA:25,1
DA:26,2
DA:27,1
DA:28,1
DA:30,1
DA:31,1
DA:32,1
DA:33,1
LF:17
LH:17
end_of_record
SF:lib\presentation\provider\season_detail_notifier.dart
DA:8,1
DA:11,2
DA:13,2
DA:16,2
DA:18,1
DA:22,1
DA:23,1
DA:24,2
DA:25,1
DA:26,1
DA:27,2
DA:28,1
DA:29,1
DA:31,1
DA:32,1
DA:33,1
DA:34,1
LF:17
LH:17
end_of_record
SF:lib\presentation\provider\top_rated_tv_notifier.dart
DA:7,1
DA:12,2
DA:14,2
DA:17,2
DA:19,1
DA:20,1
DA:21,1
DA:22,2
DA:23,1
DA:24,1
DA:25,2
DA:26,1
DA:27,1
DA:29,1
DA:30,1
DA:31,1
DA:32,1
LF:17
LH:17
end_of_record
SF:lib\presentation\provider\tv_detail_notifier.dart
DA:16,1
DA:25,2
DA:27,2
DA:30,2
DA:32,2
DA:35,2
DA:38,2
DA:40,1
DA:41,1
DA:42,1
DA:43,2
DA:44,2
DA:45,1
DA:46,1
DA:47,1
DA:48,2
DA:49,1
DA:51,1
DA:52,1
DA:53,1
DA:54,1
DA:55,1
DA:56,1
DA:57,1
DA:58,2
DA:60,1
DA:61,1
DA:62,1
DA:65,1
DA:66,1
DA:72,2
DA:74,1
DA:75,2
DA:76,1
DA:77,1
DA:78,2
DA:80,1
DA:81,1
DA:84,2
DA:87,1
DA:88,2
DA:89,1
DA:90,1
DA:91,2
DA:93,1
DA:94,1
DA:97,2
DA:100,1
DA:101,2
DA:102,1
DA:103,1
LF:51
LH:51
end_of_record
SF:lib\data\models\episode_model.dart
DA:18,2
DA:33,2
DA:34,1
DA:35,1
DA:36,1
DA:37,1
DA:38,1
DA:39,1
DA:40,1
DA:41,1
DA:42,1
DA:43,1
DA:44,1
DA:45,1
DA:48,1
DA:49,1
DA:50,1
DA:51,1
DA:52,1
DA:53,1
DA:54,1
DA:55,1
DA:56,1
DA:57,1
DA:58,1
DA:62,1
DA:63,1
DA:64,1
DA:65,1
DA:66,1
DA:67,1
DA:68,1
DA:69,1
DA:70,1
DA:71,1
DA:72,1
DA:73,1
DA:74,1
DA:75,1
LF:39
LH:39
end_of_record
SF:lib\domain\entities\episode.dart
DA:14,18
DA:26,1
DA:27,1
DA:28,1
DA:29,1
DA:30,1
DA:31,1
DA:32,1
DA:33,1
DA:34,1
DA:35,1
DA:36,1
LF:12
LH:12
end_of_record
SF:lib\data\models\season_model.dart
DA:13,18
DA:23,2
DA:24,1
DA:25,1
DA:26,1
DA:27,1
DA:28,1
DA:29,1
DA:30,1
DA:33,1
DA:34,1
DA:35,1
DA:36,1
DA:37,1
DA:38,1
DA:39,1
DA:40,1
DA:41,1
DA:45,1
DA:46,1
DA:47,1
DA:48,1
DA:49,1
DA:50,1
DA:51,1
DA:52,1
DA:53,1
LF:27
LH:27
end_of_record
SF:lib\domain\entities\season.dart
DA:12,19
DA:22,1
DA:23,1
DA:24,1
DA:25,1
DA:26,1
DA:27,1
DA:28,1
DA:29,1
DA:30,1
LF:10
LH:10
end_of_record
SF:lib\data\models\tv_model.dart
DA:19,19
DA:35,4
DA:36,2
DA:37,2
DA:38,8
DA:39,2
DA:40,2
DA:41,8
DA:42,2
DA:43,2
DA:44,2
DA:45,4
DA:46,2
DA:47,4
DA:48,2
DA:51,2
DA:52,2
DA:53,2
DA:54,2
DA:55,2
DA:56,2
DA:57,2
DA:58,2
DA:59,2
DA:60,2
DA:61,2
DA:62,2
DA:63,2
DA:67,2
DA:68,2
DA:69,2
DA:70,2
DA:71,2
DA:72,2
DA:73,2
DA:74,2
DA:75,2
DA:76,2
DA:77,2
DA:78,2
DA:79,2
DA:80,2
DA:81,2
LF:43
LH:43
end_of_record
SF:lib\data\models\tv_response.dart
DA:7,19
DA:9,4
DA:10,2
DA:11,10
DA:12,4
DA:17,1
DA:18,2
LF:7
LH:7
end_of_record
SF:lib\data\repositories\tv_repository_impl.dart
DA:9,1
DA:13,1
DA:16,2
DA:17,5
DA:18,1
DA:20,1
DA:25,1
DA:28,2
DA:29,5
DA:30,1
DA:32,1
DA:37,1
DA:40,2
DA:41,5
DA:42,1
DA:44,1
DA:49,1
DA:52,2
DA:53,2
DA:54,1
DA:56,1
DA:61,1
DA:64,2
DA:65,3
DA:66,1
DA:68,1
DA:73,1
DA:76,2
DA:77,5
DA:78,1
DA:80,1
DA:85,1
DA:89,2
DA:90,2
DA:91,1
DA:93,1
LF:36
LH:36
end_of_record
SF:lib\domain\entities\season_detail_argument.dart
DA:8,17
DA:13,0
DA:14,0
LF:3
LH:1
end_of_record
SF:lib\domain\entities\tv.dart
DA:17,12
DA:31,0
DA:38,2
DA:39,2
DA:40,2
DA:41,2
DA:42,2
DA:43,2
DA:44,2
DA:45,2
DA:46,2
DA:47,2
DA:48,2
DA:49,2
DA:50,2
LF:15
LH:14
end_of_record
SF:lib\presentation\pages\home_tv_page.dart
DA:8,1
DA:9,1
DA:10,1
DA:14,1
DA:16,1
DA:17,1
DA:18,3
DA:19,1
DA:20,1
DA:21,1
DA:25,1
DA:27,1
DA:28,1
DA:32,1
DA:33,1
DA:35,0
DA:36,0
DA:42,1
DA:44,1
DA:46,1
DA:48,1
DA:49,1
DA:51,0
DA:56,2
DA:57,1
DA:58,1
DA:65,1
DA:66,1
DA:69,1
DA:72,1
DA:74,2
DA:78,1
DA:80,0
DA:85,2
DA:86,1
DA:87,1
DA:94,1
DA:95,1
DA:98,1
DA:101,1
DA:103,2
DA:107,1
DA:109,0
DA:114,1
DA:115,1
DA:116,1
DA:117,1
DA:124,1
DA:125,1
DA:128,1
DA:131,1
DA:133,2
DA:145,1
DA:146,1
DA:148,1
DA:149,1
DA:151,1
DA:153,1
DA:154,3
DA:175,1
DA:181,1
DA:183,1
DA:185,1
DA:187,2
DA:188,1
DA:189,2
DA:190,1
DA:192,1
DA:193,3
DA:194,0
DA:195,0
DA:198,0
DA:201,2
LF:73
LH:65
end_of_record
SF:lib\presentation\pages\on_the_air_tv_page.dart
DA:8,1
DA:9,1
DA:10,1
DA:14,1
DA:16,1
DA:17,1
DA:18,2
DA:19,1
DA:21,1
DA:25,1
DA:27,1
DA:28,1
DA:31,1
DA:33,1
DA:34,1
DA:35,2
DA:39,2
DA:40,1
DA:42,1
DA:43,2
DA:44,1
DA:45,2
DA:49,2
DA:52,1
DA:54,2
LF:25
LH:25
end_of_record
SF:lib\presentation\pages\popular_tv_page.dart
DA:8,1
DA:9,1
DA:10,1
DA:14,1
DA:16,1
DA:17,1
DA:18,2
DA:19,1
DA:21,1
DA:25,1
DA:27,1
DA:28,1
DA:31,1
DA:33,1
DA:34,1
DA:35,2
DA:39,2
DA:40,1
DA:42,1
DA:43,2
DA:44,1
DA:45,2
DA:49,2
DA:52,1
DA:54,2
LF:25
LH:25
end_of_record
SF:lib\presentation\pages\season_detail_page.dart
DA:11,1
DA:16,1
DA:17,1
DA:21,1
DA:23,1
DA:24,1
DA:25,1
DA:26,1
DA:27,1
DA:29,1
DA:30,3
DA:31,4
DA:37,1
DA:39,1
DA:40,1
DA:41,1
DA:42,2
DA:46,2
DA:47,1
DA:48,1
DA:50,1
DA:51,3
DA:56,1
DA:58,2
DA:71,1
DA:77,1
DA:79,3
DA:80,3
DA:81,3
DA:83,3
DA:84,1
DA:86,1
DA:87,1
DA:88,1
DA:89,1
DA:93,1
DA:94,1
DA:97,0
DA:103,1
DA:105,1
DA:108,1
DA:111,0
DA:112,0
DA:120,1
DA:122,1
DA:124,1
DA:125,1
DA:126,2
DA:127,2
DA:132,5
DA:137,1
DA:138,1
DA:141,1
DA:143,1
DA:144,1
DA:146,1
DA:149,1
DA:150,1
DA:152,2
DA:153,2
DA:155,3
DA:156,1
DA:157,3
DA:158,1
DA:159,2
DA:176,1
DA:185,1
DA:187,3
DA:189,3
DA:190,1
DA:192,1
DA:194,1
DA:195,1
DA:196,1
DA:197,1
DA:200,1
DA:201,1
DA:204,1
DA:206,1
DA:209,0
DA:219,1
DA:222,1
DA:223,1
DA:224,3
DA:225,2
DA:227,1
DA:229,1
DA:230,2
DA:233,2
DA:240,3
DA:241,1
DA:242,3
DA:243,2
DA:245,1
DA:253,3
DA:254,1
DA:255,2
DA:256,1
DA:262,2
LF:99
LH:95
end_of_record
SF:lib\presentation\pages\top_rated_tv_page.dart
DA:8,1
DA:9,1
DA:10,1
DA:14,1
DA:16,1
DA:17,1
DA:18,2
DA:19,1
DA:21,1
DA:25,1
DA:27,1
DA:28,1
DA:31,1
DA:33,1
DA:34,1
DA:35,2
DA:39,2
DA:40,1
DA:42,2
DA:43,1
DA:44,2
DA:45,1
DA:46,2
DA:52,1
DA:54,2
LF:25
LH:25
end_of_record
SF:lib\presentation\pages\tv_detail_page.dart
DA:11,1
DA:12,1
DA:13,1
DA:17,1
DA:19,1
DA:20,2
DA:21,2
DA:22,3
DA:23,3
DA:27,1
DA:29,1
DA:30,1
DA:31,1
DA:32,2
DA:36,2
DA:37,1
DA:39,1
DA:40,1
DA:41,1
DA:45,1
DA:47,2
DA:60,1
DA:66,1
DA:68,3
DA:69,3
DA:71,3
DA:72,1
DA:73,1
DA:74,1
DA:77,1
DA:80,0
DA:86,1
DA:88,1
DA:90,1
DA:91,1
DA:98,1
DA:99,1
DA:100,1
DA:102,1
DA:104,1
DA:106,1
DA:107,4
DA:108,1
DA:110,2
DA:113,1
DA:115,1
DA:116,1
DA:124,4
DA:126,1
DA:127,1
DA:128,1
DA:129,3
DA:131,1
DA:137,4
DA:141,2
DA:142,4
DA:143,2
DA:146,3
DA:147,1
DA:149,1
DA:150,2
DA:151,1
DA:153,1
DA:158,3
DA:159,1
DA:160,3
DA:161,1
DA:163,1
DA:164,2
DA:165,0
DA:168,0
DA:169,0
DA:173,1
DA:182,1
DA:184,1
DA:186,1
DA:187,1
DA:188,1
DA:189,1
DA:193,1
DA:194,1
DA:197,2
DA:199,1
DA:200,2
DA:203,1
DA:204,1
DA:205,1
DA:210,1
DA:216,2
DA:217,1
DA:219,2
DA:220,1
DA:223,1
DA:224,2
DA:225,0
DA:227,0
DA:230,0
DA:233,1
DA:252,1
DA:254,1
DA:266,1
DA:268,1
DA:271,1
DA:274,1
DA:275,1
DA:284,1
DA:285,2
DA:288,1
DA:289,2
DA:292,1
DA:293,1
DA:294,1
DA:297,2
DA:299,1
DA:302,2
DA:306,2
DA:307,1
DA:308,1
DA:309,2
DA:310,2
DA:313,1
DA:315,1
DA:316,1
DA:317,1
DA:324,1
DA:326,2
DA:327,3
DA:329,1
DA:332,3
LF:129
LH:122
end_of_record
SF:lib\presentation\widgets\tv_card_list.dart
DA:9,3
DA:11,3
DA:13,9
DA:15,9
DA:16,3
DA:18,3
DA:19,0
DA:20,0
DA:23,0
DA:26,3
DA:28,3
DA:29,3
DA:30,3
DA:31,9
DA:37,3
DA:39,3
DA:40,3
DA:41,6
DA:44,3
DA:47,3
DA:48,6
DA:56,3
DA:61,3
DA:63,3
DA:66,3
DA:69,0
LF:26
LH:22
end_of_record
