SF:lib\data\models\tv_detail_model.dart
DA:24,18
DA:44,2
DA:45,1
DA:46,1
DA:47,1
DA:48,1
DA:49,4
DA:51,1
DA:52,1
DA:53,1
DA:54,1
DA:55,4
DA:56,1
DA:57,1
DA:58,1
DA:59,2
DA:60,1
DA:61,2
DA:62,1
DA:63,1
DA:64,4
DA:68,1
DA:69,1
DA:70,1
DA:71,1
DA:72,1
DA:73,1
DA:74,1
DA:75,1
DA:76,1
DA:77,1
DA:78,5
DA:79,1
DA:80,1
DA:81,1
DA:82,1
DA:83,1
DA:84,5
DA:88,1
DA:89,1
DA:90,1
DA:91,1
DA:92,1
DA:93,1
DA:94,1
DA:95,1
DA:96,1
DA:97,1
DA:98,1
DA:99,1
DA:100,1
DA:101,1
DA:102,1
DA:103,1
DA:104,1
DA:105,1
DA:106,1
LF:57
LH:57
end_of_record
SF:lib\data\models\season_detail_model.dart
DA:14,2
DA:24,1
DA:25,1
DA:26,1
DA:27,1
DA:28,1
DA:29,1
DA:30,1
DA:31,1
DA:32,1
DA:33,4
DA:37,1
DA:38,1
DA:39,1
DA:40,1
DA:41,1
DA:42,1
DA:43,1
DA:44,1
DA:45,5
DA:49,1
DA:50,1
DA:51,1
DA:52,1
DA:53,1
DA:54,1
DA:55,1
DA:56,1
LF:28
LH:28
end_of_record
SF:lib\data\datasources\tv_remote_data_source.dart
DA:18,1
DA:22,1
DA:24,2
DA:25,2
DA:27,2
DA:28,4
DA:30,1
DA:34,1
DA:36,2
DA:37,2
DA:39,2
DA:40,4
DA:42,1
DA:46,1
DA:49,4
DA:50,2
DA:51,4
DA:53,1
DA:57,1
DA:60,4
DA:61,2
DA:62,3
DA:64,1
DA:68,1
DA:70,2
DA:71,2
DA:73,2
DA:74,4
DA:76,1
DA:80,1
DA:82,2
DA:83,2
DA:85,2
DA:86,4
DA:88,1
DA:92,1
DA:94,2
DA:95,2
DA:97,2
DA:98,3
DA:100,1
LF:41
LH:41
end_of_record
SF:lib\domain\usecases\get_on_the_air_tv.dart
DA:8,1
DA:10,1
DA:11,2
LF:3
LH:3
end_of_record
SF:lib\domain\usecases\get_popular_tv.dart
DA:8,1
DA:10,1
DA:11,2
LF:3
LH:3
end_of_record
SF:lib\domain\usecases\get_season_detail.dart
DA:8,1
DA:10,1
DA:11,2
LF:3
LH:3
end_of_record
SF:lib\domain\usecases\get_top_rated_tv.dart
DA:8,1
DA:10,1
DA:11,2
LF:3
LH:3
end_of_record
SF:lib\domain\usecases\get_tv_detail.dart
DA:8,1
DA:10,1
DA:11,2
LF:3
LH:3
end_of_record
SF:lib\domain\usecases\get_tv_recommendations.dart
DA:8,1
DA:10,1
DA:11,2
LF:3
LH:3
end_of_record
SF:lib\data\models\episode_model.dart
DA:18,2
DA:33,2
DA:34,1
DA:35,1
DA:36,1
DA:37,1
DA:38,1
DA:39,1
DA:40,1
DA:41,1
DA:42,1
DA:43,1
DA:44,1
DA:45,1
DA:48,1
DA:49,1
DA:50,1
DA:51,1
DA:52,1
DA:53,1
DA:54,1
DA:55,1
DA:56,1
DA:57,1
DA:58,1
DA:62,1
DA:63,1
DA:64,1
DA:65,1
DA:66,1
DA:67,1
DA:68,1
DA:69,1
DA:70,1
DA:71,1
DA:72,1
DA:73,1
DA:74,1
DA:75,1
LF:39
LH:39
end_of_record
SF:lib\domain\entities\episode.dart
DA:14,18
DA:26,2
DA:27,2
DA:28,2
DA:29,2
DA:30,2
DA:31,2
DA:32,2
DA:33,2
DA:34,2
DA:35,2
DA:36,2
LF:12
LH:12
end_of_record
SF:lib\domain\entities\season_detail.dart
DA:13,18
DA:23,2
DA:24,2
DA:25,2
DA:26,2
DA:27,2
DA:28,2
DA:29,2
DA:30,2
DA:31,2
LF:10
LH:10
end_of_record
SF:lib\data\models\season_model.dart
DA:13,18
DA:23,2
DA:24,1
DA:25,1
DA:26,1
DA:27,1
DA:28,1
DA:29,1
DA:30,1
DA:33,1
DA:34,1
DA:35,1
DA:36,1
DA:37,1
DA:38,1
DA:39,1
DA:40,1
DA:41,1
DA:45,1
DA:46,1
DA:47,1
DA:48,1
DA:49,1
DA:50,1
DA:51,1
DA:52,1
DA:53,1
LF:27
LH:27
end_of_record
SF:lib\domain\entities\season.dart
DA:12,18
DA:22,2
DA:23,2
DA:24,2
DA:25,2
DA:26,2
DA:27,2
DA:28,2
DA:29,2
DA:30,2
LF:10
LH:10
end_of_record
SF:lib\data\models\tv_model.dart
DA:19,19
DA:35,4
DA:36,2
DA:37,2
DA:38,8
DA:39,2
DA:40,2
DA:41,8
DA:42,2
DA:43,2
DA:44,2
DA:45,4
DA:46,2
DA:47,4
DA:48,2
DA:51,2
DA:52,2
DA:53,2
DA:54,2
DA:55,2
DA:56,2
DA:57,2
DA:58,2
DA:59,2
DA:60,2
DA:61,2
DA:62,2
DA:63,2
DA:67,2
DA:68,2
DA:69,2
DA:70,2
DA:71,2
DA:72,2
DA:73,2
DA:74,2
DA:75,2
DA:76,2
DA:77,2
DA:78,2
DA:79,2
DA:80,2
DA:81,2
LF:43
LH:43
end_of_record
SF:lib\data\models\tv_response.dart
DA:7,19
DA:9,4
DA:10,2
DA:11,10
DA:12,4
DA:17,1
DA:18,2
LF:7
LH:7
end_of_record
SF:lib\data\repositories\tv_repository_impl.dart
DA:9,1
DA:13,1
DA:16,2
DA:17,5
DA:18,1
DA:20,1
DA:25,1
DA:28,2
DA:29,5
DA:30,1
DA:32,1
DA:37,1
DA:40,2
DA:41,5
DA:42,1
DA:44,1
DA:49,1
DA:52,2
DA:53,2
DA:54,1
DA:56,1
DA:61,1
DA:64,2
DA:65,3
DA:66,1
DA:68,1
DA:73,1
DA:76,2
DA:77,5
DA:78,1
DA:80,1
DA:85,1
DA:89,2
DA:90,2
DA:91,1
DA:93,1
LF:36
LH:36
end_of_record
SF:lib\domain\entities\season_detail_argument.dart
DA:8,17
DA:13,0
DA:14,0
LF:3
LH:1
end_of_record
SF:lib\domain\entities\tv.dart
DA:17,11
DA:31,0
DA:38,6
DA:39,6
DA:40,6
DA:41,6
DA:42,6
DA:43,6
DA:44,6
DA:45,6
DA:46,6
DA:47,6
DA:48,6
DA:49,6
DA:50,6
LF:15
LH:14
end_of_record
SF:lib\domain\entities\tv_detail.dart
DA:22,18
DA:40,2
DA:41,2
DA:42,2
DA:43,2
DA:44,2
DA:45,2
DA:46,2
DA:47,2
DA:48,2
DA:49,2
DA:50,2
DA:51,2
DA:52,2
DA:53,2
DA:54,2
DA:55,2
DA:56,2
LF:18
LH:18
end_of_record
SF:lib\presentation\blocs\tv_detail_bloc\tv_detail_event.dart
DA:4,3
DA:5,0
DA:6,0
DA:11,2
DA:12,0
DA:13,0
LF:6
LH:2
end_of_record
SF:lib\presentation\blocs\tv_detail_bloc\tv_detail_state.dart
DA:4,1
DA:5,1
DA:17,2
DA:18,2
DA:20,2
DA:27,2
DA:31,2
DA:32,2
DA:33,2
DA:38,1
DA:39,1
DA:40,1
DA:41,1
DA:42,1
DA:48,2
DA:49,1
DA:50,2
LF:17
LH:17
end_of_record
SF:lib\presentation\blocs\tv_detail_bloc\tv_detail_bloc.dart
DA:18,1
DA:23,2
DA:24,3
DA:25,3
DA:26,1
DA:27,2
DA:31,1
DA:35,2
DA:37,1
DA:38,2
DA:40,2
DA:42,1
DA:43,1
DA:44,1
DA:46,2
DA:50,2
DA:51,1
DA:52,3
DA:53,1
DA:54,3
DA:58,1
DA:62,2
DA:65,2
DA:68,1
DA:69,2
DA:70,1
DA:72,2
DA:73,1
DA:75,3
DA:79,2
DA:80,1
DA:81,3
DA:85,1
DA:90,2
DA:92,2
DA:95,1
DA:96,2
DA:97,1
DA:99,2
DA:100,1
DA:102,3
DA:106,2
DA:107,1
DA:108,3
LF:44
LH:44
end_of_record
SF:lib\presentation\blocs\tv_ontheair_bloc\tv_ontheair_state.dart
DA:4,6
DA:5,1
DA:6,1
DA:15,4
DA:16,1
DA:17,2
DA:22,3
DA:23,1
DA:24,2
LF:9
LH:9
end_of_record
SF:lib\presentation\blocs\tv_ontheair_bloc\tv_ontheair_bloc.dart
DA:10,1
DA:12,2
DA:14,1
DA:15,2
DA:16,2
DA:17,1
DA:18,4
DA:19,1
DA:20,3
DA:21,2
LF:10
LH:10
end_of_record
SF:lib\presentation\blocs\tv_popular_bloc\tv_popular_bloc.dart
DA:10,1
DA:12,2
DA:14,1
DA:15,2
DA:16,2
DA:17,1
DA:18,4
DA:19,1
DA:20,3
DA:21,2
LF:10
LH:10
end_of_record
SF:lib\presentation\blocs\tv_popular_bloc\tv_popular_state.dart
DA:4,6
DA:5,1
DA:6,1
DA:15,4
DA:16,1
DA:17,2
DA:22,3
DA:23,1
DA:24,2
LF:9
LH:9
end_of_record
SF:lib\presentation\blocs\tv_recomendation_bloc\tv_recomendation_state.dart
DA:4,4
DA:5,1
DA:6,1
DA:15,3
DA:16,1
DA:17,2
DA:22,2
DA:23,1
DA:24,2
LF:9
LH:9
end_of_record
SF:lib\presentation\blocs\tv_recomendation_bloc\tv_recomendation_bloc.dart
DA:10,1
DA:12,2
DA:14,1
DA:15,2
DA:16,2
DA:17,1
DA:18,4
DA:19,1
DA:20,3
DA:21,2
LF:10
LH:10
end_of_record
SF:lib\presentation\blocs\tv_seasondetail_bloc\tv_seasondetail_state.dart
DA:4,4
DA:5,1
DA:6,1
DA:15,3
DA:16,1
DA:17,2
DA:22,3
DA:23,1
DA:24,2
LF:9
LH:9
end_of_record
SF:lib\presentation\blocs\tv_seasondetail_bloc\tv_seasondetail_bloc.dart
DA:10,1
DA:12,2
DA:14,1
DA:18,2
DA:19,2
DA:20,1
DA:21,4
DA:22,3
LF:8
LH:8
end_of_record
SF:lib\presentation\blocs\tv_toprated_bloc\tv_toprated_state.dart
DA:4,6
DA:5,1
DA:6,1
DA:15,4
DA:16,1
DA:17,2
DA:22,3
DA:23,1
DA:24,2
LF:9
LH:9
end_of_record
SF:lib\presentation\blocs\tv_toprated_bloc\tv_toprated_bloc.dart
DA:10,1
DA:12,2
DA:14,1
DA:15,2
DA:16,2
DA:17,1
DA:18,4
DA:19,1
DA:20,3
DA:21,2
LF:10
LH:10
end_of_record
SF:lib\presentation\pages\home_tv_page.dart
DA:8,1
DA:9,1
DA:10,1
DA:14,1
DA:16,1
DA:17,2
DA:18,3
DA:19,3
DA:20,3
DA:24,2
DA:29,1
DA:31,1
DA:32,1
DA:36,1
DA:37,1
DA:39,0
DA:40,0
DA:46,1
DA:48,1
DA:50,1
DA:52,1
DA:53,1
DA:55,0
DA:60,1
DA:61,1
DA:62,1
DA:69,1
DA:70,1
DA:73,1
DA:75,1
DA:76,1
DA:85,1
DA:87,0
DA:92,1
DA:93,1
DA:94,1
DA:101,1
DA:102,1
DA:105,1
DA:107,1
DA:108,1
DA:117,1
DA:119,0
DA:124,1
DA:125,1
DA:126,1
DA:133,1
DA:134,1
DA:137,1
DA:139,1
DA:140,1
DA:156,1
DA:157,1
DA:159,1
DA:160,1
DA:162,1
DA:164,1
DA:165,3
DA:186,1
DA:192,1
DA:194,1
DA:196,1
DA:198,2
DA:199,1
DA:200,2
DA:201,1
DA:203,1
DA:204,3
DA:205,0
DA:206,0
DA:209,0
DA:212,2
LF:72
LH:64
end_of_record
SF:lib\presentation\pages\on_the_air_tv_page.dart
DA:8,1
DA:9,1
DA:10,1
DA:14,1
DA:16,1
DA:17,5
DA:20,1
DA:22,1
DA:23,1
DA:26,1
DA:28,1
DA:29,1
DA:30,1
DA:34,1
DA:35,1
DA:36,1
DA:38,1
DA:39,1
DA:40,1
DA:41,1
DA:42,2
DA:47,1
LF:22
LH:22
end_of_record
SF:lib\presentation\pages\popular_tv_page.dart
DA:8,1
DA:9,1
DA:10,1
DA:14,1
DA:16,1
DA:17,5
DA:20,1
DA:22,1
DA:23,1
DA:26,1
DA:28,1
DA:29,1
DA:30,1
DA:34,1
DA:35,1
DA:36,1
DA:38,1
DA:39,1
DA:40,1
DA:41,1
DA:42,2
DA:47,1
LF:22
LH:22
end_of_record
SF:lib\presentation\pages\season_detail_page.dart
DA:11,1
DA:16,1
DA:17,1
DA:21,1
DA:23,1
DA:24,2
DA:25,2
DA:26,1
DA:27,3
DA:28,4
DA:33,1
DA:35,1
DA:36,1
DA:37,1
DA:38,1
DA:42,1
DA:43,1
DA:44,1
DA:46,1
DA:47,3
DA:51,1
DA:70,1
DA:76,1
DA:78,3
DA:79,3
DA:80,3
DA:82,3
DA:83,1
DA:85,1
DA:86,1
DA:87,1
DA:88,1
DA:92,1
DA:93,1
DA:96,0
DA:102,1
DA:104,1
DA:107,1
DA:110,0
DA:111,0
DA:119,1
DA:121,1
DA:123,1
DA:124,1
DA:125,2
DA:126,2
DA:131,5
DA:136,1
DA:137,1
DA:140,1
DA:142,1
DA:143,1
DA:145,1
DA:148,3
DA:149,1
DA:150,1
DA:152,2
DA:153,2
DA:155,3
DA:156,1
DA:157,3
DA:158,1
DA:159,2
DA:167,1
DA:181,1
DA:190,1
DA:192,3
DA:194,3
DA:195,1
DA:197,1
DA:199,1
DA:200,1
DA:201,1
DA:202,1
DA:205,1
DA:206,1
DA:209,1
DA:211,1
DA:214,0
DA:224,1
DA:227,1
DA:228,1
DA:229,3
DA:230,2
DA:232,1
DA:234,1
DA:235,2
DA:238,2
DA:245,3
DA:246,1
DA:247,3
DA:248,2
DA:250,1
DA:258,3
DA:259,1
DA:260,2
DA:261,1
DA:267,2
LF:98
LH:94
end_of_record
SF:lib\presentation\pages\top_rated_tv_page.dart
DA:8,1
DA:9,1
DA:10,1
DA:14,1
DA:16,1
DA:17,5
DA:20,1
DA:22,1
DA:23,1
DA:26,1
DA:28,1
DA:29,1
DA:30,1
DA:34,1
DA:35,1
DA:36,1
DA:38,1
DA:39,1
DA:40,1
DA:41,1
DA:42,2
DA:47,1
LF:22
LH:22
end_of_record
SF:lib\presentation\pages\tv_detail_page.dart
DA:11,1
DA:12,1
DA:13,1
DA:17,1
DA:19,1
DA:20,2
DA:21,6
DA:22,5
DA:26,1
DA:28,1
DA:29,1
DA:30,1
DA:31,3
DA:32,1
DA:33,1
DA:34,1
DA:35,2
DA:36,2
DA:39,1
DA:41,1
DA:42,2
DA:48,1
DA:49,1
DA:54,1
DA:55,1
DA:57,1
DA:58,1
DA:59,1
DA:62,1
DA:78,1
DA:84,1
DA:86,3
DA:87,3
DA:89,3
DA:90,1
DA:91,1
DA:92,1
DA:95,1
DA:98,0
DA:104,1
DA:106,1
DA:108,1
DA:109,1
DA:116,1
DA:117,1
DA:118,1
DA:120,1
DA:122,1
DA:124,1
DA:125,4
DA:126,1
DA:128,2
DA:131,1
DA:133,1
DA:134,1
DA:142,4
DA:144,1
DA:145,1
DA:146,1
DA:147,3
DA:149,1
DA:155,4
DA:159,2
DA:160,4
DA:161,2
DA:164,3
DA:165,1
DA:167,1
DA:168,2
DA:169,1
DA:171,1
DA:176,3
DA:177,1
DA:178,3
DA:179,1
DA:181,1
DA:182,2
DA:183,0
DA:186,0
DA:187,0
DA:191,1
DA:200,1
DA:202,1
DA:204,1
DA:209,1
DA:211,1
DA:223,1
DA:225,1
DA:228,1
DA:231,0
DA:232,0
DA:241,1
DA:243,1
DA:244,1
DA:245,1
DA:250,1
DA:251,1
DA:252,1
DA:253,1
DA:254,1
DA:259,1
DA:264,1
DA:265,1
DA:266,1
DA:267,1
DA:269,1
DA:270,2
DA:271,0
DA:272,0
DA:275,0
DA:278,2
DA:286,1
DA:301,1
DA:302,2
DA:305,1
DA:306,1
DA:307,3
DA:308,2
DA:311,1
DA:313,2
DA:314,3
DA:316,1
DA:319,3
LF:123
LH:114
end_of_record
SF:lib\presentation\widgets\tv_card_list.dart
DA:9,3
DA:11,3
DA:13,9
DA:15,9
DA:16,3
DA:18,3
DA:19,0
DA:20,0
DA:23,0
DA:26,3
DA:28,3
DA:29,3
DA:30,3
DA:31,9
DA:37,3
DA:39,3
DA:40,3
DA:41,6
DA:44,3
DA:47,3
DA:48,6
DA:56,3
DA:61,3
DA:63,3
DA:66,3
DA:69,0
LF:26
LH:22
end_of_record
