SF:lib\data\models\watchlist_table_model.dart
DA:12,16
DA:20,1
DA:21,1
DA:22,1
DA:23,1
DA:24,1
DA:25,1
DA:29,2
DA:30,1
DA:31,1
DA:32,1
DA:33,1
DA:37,1
DA:38,1
DA:39,1
DA:40,1
DA:41,1
DA:42,1
DA:43,1
DA:46,4
DA:47,2
DA:48,2
DA:49,2
DA:50,2
DA:51,2
DA:54,2
DA:55,1
DA:56,1
DA:57,1
DA:58,1
DA:61,2
DA:62,1
DA:63,1
DA:64,1
DA:65,1
DA:68,2
DA:69,10
LF:37
LH:37
end_of_record
SF:lib\data\datasources\db\database_helper.dart
DA:8,0
DA:12,0
DA:16,0
DA:17,0
DA:21,0
DA:25,0
DA:26,0
DA:27,0
DA:29,0
DA:33,0
DA:34,0
DA:42,0
DA:45,0
DA:46,0
DA:47,0
DA:50,0
DA:51,0
DA:52,0
DA:55,0
DA:59,0
DA:60,0
DA:61,0
DA:64,0
DA:66,0
DA:67,0
DA:73,0
DA:76,0
DA:77,0
DA:80,0
LF:29
LH:0
end_of_record
SF:lib\data\datasources\watchlist_local_data_source.dart
DA:16,1
DA:18,1
DA:20,2
DA:22,1
DA:28,1
DA:30,2
DA:31,4
DA:34,1
DA:36,2
DA:37,4
DA:40,1
DA:43,2
DA:46,2
DA:50,1
DA:53,2
DA:56,2
LF:16
LH:16
end_of_record
SF:lib\domain\usecases\get_watchlist_movies.dart
DA:9,1
DA:11,1
DA:12,2
LF:3
LH:3
end_of_record
SF:lib\domain\usecases\get_watchlist_tv.dart
DA:9,1
DA:11,1
DA:12,2
LF:3
LH:3
end_of_record
SF:lib\presentation\provider\watchlist_notifier.dart
DA:12,1
DA:18,2
DA:21,2
DA:24,2
DA:27,2
DA:29,1
DA:30,1
DA:31,1
DA:32,2
DA:33,1
DA:34,1
DA:35,1
DA:36,2
DA:37,1
DA:39,1
DA:40,1
DA:41,1
DA:42,1
DA:47,1
DA:48,1
DA:49,1
DA:50,2
DA:51,1
DA:52,1
DA:53,1
DA:54,2
DA:55,1
DA:57,1
DA:58,1
DA:59,1
DA:60,1
LF:31
LH:31
end_of_record
SF:lib\data\repositories\watchlist_repository_impl.dart
DA:11,1
DA:13,1
DA:15,2
DA:16,5
DA:19,1
DA:21,2
DA:22,5
DA:25,1
DA:27,2
DA:31,1
DA:34,2
DA:35,1
DA:37,1
DA:38,1
DA:39,3
DA:43,1
DA:48,2
DA:49,1
DA:51,1
DA:52,1
DA:53,3
DA:57,1
DA:60,2
DA:61,1
DA:63,1
DA:64,1
DA:65,3
DA:71,1
DA:74,2
DA:75,1
DA:77,1
DA:78,1
DA:79,3
LF:33
LH:33
end_of_record
SF:lib\domain\usecases\get_watchlist_status.dart
DA:6,1
DA:8,1
DA:9,2
LF:3
LH:3
end_of_record
SF:lib\domain\usecases\remove_watchlist_movie.dart
DA:9,1
DA:11,1
DA:12,2
LF:3
LH:3
end_of_record
SF:lib\domain\usecases\remove_watchlist_tv.dart
DA:9,1
DA:11,1
DA:12,2
LF:3
LH:3
end_of_record
SF:lib\domain\usecases\save_watchlist_movie.dart
DA:9,1
DA:11,1
DA:12,2
LF:3
LH:3
end_of_record
SF:lib\domain\usecases\save_watchlist_tv.dart
DA:9,1
DA:11,1
DA:12,2
LF:3
LH:3
end_of_record
SF:lib\presentation\pages\watchlist_movies_page.dart
DA:9,2
DA:10,2
DA:11,2
DA:16,2
DA:18,2
DA:19,2
DA:20,4
DA:21,2
DA:23,2
DA:27,2
DA:29,2
DA:30,8
DA:33,0
DA:35,0
DA:36,0
DA:38,0
DA:41,2
DA:43,2
DA:44,2
DA:47,2
DA:49,2
DA:50,2
DA:51,4
DA:55,4
DA:56,4
DA:57,2
DA:59,2
DA:61,2
DA:62,2
DA:63,2
DA:65,2
DA:71,2
DA:73,4
DA:74,2
DA:75,4
DA:76,2
DA:77,4
DA:83,2
DA:85,4
DA:94,2
DA:96,4
DA:97,2
LF:42
LH:38
end_of_record
SF:lib\presentation\pages\watchlist_tv_page.dart
DA:9,1
DA:10,1
DA:11,1
DA:15,1
DA:17,1
DA:18,1
DA:19,2
DA:20,1
DA:22,1
DA:26,1
DA:28,1
DA:29,4
DA:32,0
DA:34,0
DA:37,1
DA:39,1
DA:40,1
DA:43,1
DA:45,1
DA:46,1
DA:47,2
DA:51,2
DA:52,2
DA:53,1
DA:55,1
DA:57,1
DA:58,1
DA:59,1
DA:61,1
DA:67,1
DA:69,1
DA:70,2
DA:71,1
DA:72,2
DA:76,2
DA:79,1
DA:81,2
DA:90,1
DA:92,2
DA:93,1
LF:40
LH:38
end_of_record
