SF:lib\data\datasources\watchlist_local_data_source.dart
DA:15,1
DA:17,1
DA:19,2
DA:21,1
DA:27,1
DA:29,2
DA:30,4
DA:33,1
DA:35,2
DA:36,4
DA:39,1
DA:42,3
DA:45,2
DA:49,1
DA:52,3
DA:55,2
LF:16
LH:16
end_of_record
SF:lib\data\models\watchlist_table_model.dart
DA:12,14
DA:20,1
DA:21,1
DA:22,1
DA:23,1
DA:24,1
DA:25,1
DA:29,2
DA:30,1
DA:31,1
DA:32,1
DA:33,1
DA:37,1
DA:38,1
DA:39,1
DA:40,1
DA:41,1
DA:42,1
DA:43,1
DA:46,4
DA:47,2
DA:48,2
DA:49,2
DA:50,2
DA:51,2
DA:54,2
DA:55,1
DA:56,1
DA:57,1
DA:58,1
DA:61,2
DA:62,1
DA:63,1
DA:64,1
DA:65,1
DA:68,2
DA:69,10
LF:37
LH:37
end_of_record
SF:lib\domain\usecases\get_watchlist_movies.dart
DA:9,1
DA:11,1
DA:12,2
LF:3
LH:3
end_of_record
SF:lib\domain\usecases\get_watchlist_tv.dart
DA:9,1
DA:11,1
DA:12,2
LF:3
LH:3
end_of_record
SF:lib\data\repositories\watchlist_repository_impl.dart
DA:11,1
DA:13,1
DA:15,2
DA:16,5
DA:19,1
DA:21,2
DA:22,5
DA:25,1
DA:27,2
DA:31,1
DA:34,2
DA:35,1
DA:37,1
DA:38,1
DA:39,3
DA:43,1
DA:48,2
DA:49,1
DA:51,1
DA:52,1
DA:53,3
DA:57,1
DA:60,2
DA:61,1
DA:63,1
DA:64,1
DA:65,3
DA:71,1
DA:74,2
DA:75,1
DA:77,1
DA:78,1
DA:79,3
LF:33
LH:33
end_of_record
SF:lib\domain\usecases\get_watchlist_status.dart
DA:6,1
DA:8,1
DA:9,2
LF:3
LH:3
end_of_record
SF:lib\domain\usecases\remove_watchlist_movie.dart
DA:9,1
DA:11,1
DA:12,2
LF:3
LH:3
end_of_record
SF:lib\domain\usecases\remove_watchlist_tv.dart
DA:9,1
DA:11,1
DA:12,2
LF:3
LH:3
end_of_record
SF:lib\domain\usecases\save_watchlist_movie.dart
DA:9,1
DA:11,1
DA:12,2
LF:3
LH:3
end_of_record
SF:lib\domain\usecases\save_watchlist_tv.dart
DA:9,1
DA:11,1
DA:12,2
LF:3
LH:3
end_of_record
SF:lib\presentation\bloc\watchlist_state.dart
DA:4,6
DA:5,1
DA:6,1
DA:17,4
DA:18,1
DA:19,2
DA:24,2
DA:25,1
DA:26,2
DA:31,2
DA:32,1
DA:33,2
LF:12
LH:12
end_of_record
SF:lib\presentation\bloc\watchlist_bloc.dart
DA:14,1
DA:17,2
DA:18,1
DA:19,2
DA:21,3
DA:24,1
DA:28,2
DA:29,2
DA:30,1
DA:31,4
DA:32,1
DA:33,3
DA:34,2
DA:39,1
DA:43,2
DA:44,2
DA:45,1
DA:46,4
DA:47,1
DA:48,3
DA:49,2
LF:21
LH:21
end_of_record
SF:lib\presentation\bloc\watchlist_event.dart
DA:4,3
DA:5,0
DA:6,0
LF:3
LH:1
end_of_record
SF:lib\presentation\pages\watchlist_movies_page.dart
DA:10,1
DA:11,1
DA:12,1
DA:17,1
DA:19,1
DA:20,1
DA:21,2
DA:22,1
DA:24,2
DA:28,1
DA:30,1
DA:31,4
DA:34,0
DA:36,0
DA:37,0
DA:39,0
DA:42,1
DA:44,1
DA:45,1
DA:48,1
DA:50,1
DA:51,1
DA:52,1
DA:56,1
DA:57,1
DA:58,1
DA:60,1
DA:61,1
DA:62,1
DA:63,1
DA:64,2
DA:69,1
DA:70,1
DA:72,2
DA:74,1
DA:75,1
DA:77,1
DA:79,1
DA:80,1
DA:81,1
DA:83,1
DA:96,1
DA:98,2
DA:99,1
LF:44
LH:40
end_of_record
SF:lib\presentation\pages\watchlist_tv_page.dart
DA:10,1
DA:11,1
DA:12,1
DA:16,1
DA:18,1
DA:19,1
DA:20,2
DA:21,1
DA:23,2
DA:27,1
DA:29,1
DA:30,4
DA:33,0
DA:35,0
DA:36,0
DA:40,1
DA:42,1
DA:43,1
DA:46,1
DA:48,1
DA:49,1
DA:50,1
DA:54,1
DA:55,1
DA:56,1
DA:58,1
DA:59,1
DA:60,1
DA:61,1
DA:62,2
DA:67,1
DA:68,1
DA:70,2
DA:72,1
DA:73,1
DA:75,1
DA:77,1
DA:78,1
DA:79,1
DA:81,1
DA:94,1
DA:96,2
DA:97,1
LF:43
LH:40
end_of_record
