SF:lib\common\exception.dart
DA:6,2
LF:1
LH:1
end_of_record
SF:lib\data\datasources\movie_remote_data_source.dart
DA:21,1
DA:25,1
DA:27,2
DA:28,2
DA:31,2
DA:32,4
DA:34,1
DA:38,1
DA:40,4
DA:42,2
DA:43,3
DA:45,1
DA:49,1
DA:51,2
DA:52,2
DA:54,2
DA:55,4
DA:57,1
DA:61,1
DA:63,2
DA:64,2
DA:66,2
DA:67,4
DA:69,1
DA:73,1
DA:75,2
DA:76,2
DA:78,2
DA:79,4
DA:81,1
DA:85,1
DA:87,2
DA:88,2
DA:90,2
DA:91,4
DA:93,1
LF:36
LH:36
end_of_record
SF:lib\data\models\movie_detail_model.dart
DA:28,29
DA:52,1
DA:53,1
DA:54,1
DA:55,1
DA:56,1
DA:57,1
DA:58,4
DA:59,1
DA:60,1
DA:61,1
DA:62,1
DA:63,1
DA:64,1
DA:65,2
DA:66,1
DA:67,1
DA:68,1
DA:69,1
DA:70,1
DA:71,1
DA:72,1
DA:73,1
DA:74,2
DA:75,1
DA:78,2
DA:79,1
DA:80,1
DA:81,1
DA:82,3
DA:83,1
DA:84,1
DA:85,1
DA:86,1
DA:87,1
DA:88,1
DA:89,1
DA:90,1
DA:91,1
DA:92,1
DA:93,1
DA:94,1
DA:95,1
DA:96,1
DA:97,1
DA:98,1
DA:99,1
DA:102,1
DA:103,1
DA:104,1
DA:105,1
DA:106,5
DA:107,1
DA:108,1
DA:109,1
DA:110,1
DA:111,1
DA:112,1
DA:113,1
DA:114,1
DA:115,1
DA:119,1
DA:120,1
DA:121,1
DA:122,1
DA:123,1
DA:124,1
DA:125,1
DA:126,1
DA:127,1
DA:128,1
DA:129,1
DA:130,1
DA:131,1
DA:132,1
DA:133,1
DA:134,1
DA:135,1
DA:136,1
DA:137,1
DA:138,1
DA:139,1
DA:140,1
DA:141,1
LF:84
LH:84
end_of_record
SF:lib\data\models\movie_response.dart
DA:7,3
DA:9,4
DA:10,4
DA:11,6
DA:12,6
DA:15,2
DA:16,5
DA:19,1
DA:20,2
LF:9
LH:9
end_of_record
SF:lib\common\failure.dart
DA:5,19
DA:6,1
DA:7,2
DA:11,16
DA:15,4
DA:19,6
LF:6
LH:6
end_of_record
SF:lib\data\models\movie_model.dart
DA:19,5
DA:35,4
DA:36,2
DA:37,2
DA:38,8
DA:39,2
DA:40,2
DA:41,2
DA:42,4
DA:43,2
DA:44,2
DA:45,2
DA:46,2
DA:47,4
DA:48,2
DA:51,2
DA:52,1
DA:53,1
DA:54,4
DA:55,1
DA:56,1
DA:57,1
DA:58,1
DA:59,1
DA:60,1
DA:61,1
DA:62,1
DA:63,1
DA:64,1
DA:67,2
DA:68,2
DA:69,2
DA:70,2
DA:71,2
DA:72,2
DA:73,2
DA:74,2
DA:75,2
DA:76,2
DA:77,2
DA:78,2
DA:79,2
DA:80,2
DA:81,2
DA:85,2
DA:86,2
DA:87,2
DA:88,2
DA:89,2
DA:90,2
DA:91,2
DA:92,2
DA:93,2
DA:94,2
DA:95,2
DA:96,2
DA:97,2
DA:98,2
DA:99,2
LF:59
LH:59
end_of_record
SF:lib\domain\entities\movie.dart
DA:19,13
DA:35,2
DA:42,3
DA:43,3
DA:44,3
DA:45,3
DA:46,3
DA:47,3
DA:48,3
DA:49,3
DA:50,3
DA:51,3
DA:52,3
DA:53,3
DA:54,3
DA:55,3
DA:56,3
LF:17
LH:17
end_of_record
SF:lib\domain\entities\movie_detail.dart
DA:18,29
DA:33,1
DA:34,1
DA:35,1
DA:36,1
DA:37,1
DA:38,1
DA:39,1
DA:40,1
DA:41,1
DA:42,1
DA:43,1
DA:44,1
DA:45,1
LF:14
LH:14
end_of_record
SF:lib\features\tvseries\data\datasources\tv_remote_data_source.dart
DA:23,1
DA:27,1
DA:29,2
DA:30,2
DA:32,2
DA:33,4
DA:35,1
DA:39,1
DA:41,2
DA:42,2
DA:44,2
DA:45,4
DA:47,1
DA:51,1
DA:53,4
DA:54,2
DA:55,4
DA:57,1
DA:61,1
DA:63,4
DA:64,2
DA:65,3
DA:67,1
DA:71,1
DA:73,2
DA:74,2
DA:76,2
DA:77,4
DA:79,1
DA:83,1
DA:85,2
DA:86,2
DA:88,2
DA:89,4
DA:91,1
DA:95,1
DA:97,2
DA:98,2
DA:100,2
DA:101,3
DA:103,1
LF:41
LH:41
end_of_record
SF:lib\features\tvseries\data\models\season_detail_model.dart
DA:14,2
DA:24,1
DA:25,1
DA:26,1
DA:27,1
DA:28,1
DA:29,1
DA:30,1
DA:31,1
DA:32,1
DA:33,4
DA:37,1
DA:38,1
DA:39,1
DA:40,1
DA:41,1
DA:42,1
DA:43,1
DA:44,1
DA:45,5
DA:49,1
DA:50,1
DA:51,1
DA:52,1
DA:53,1
DA:54,1
DA:55,1
DA:56,1
LF:28
LH:28
end_of_record
SF:lib\features\tvseries\data\models\tv_detail_model.dart
DA:25,2
DA:45,2
DA:46,1
DA:47,1
DA:48,1
DA:49,1
DA:50,4
DA:52,1
DA:53,1
DA:54,1
DA:55,1
DA:56,4
DA:57,1
DA:58,1
DA:59,1
DA:60,2
DA:61,1
DA:62,2
DA:63,1
DA:64,1
DA:65,4
DA:69,1
DA:70,1
DA:71,1
DA:72,1
DA:73,1
DA:74,1
DA:75,1
DA:76,1
DA:77,1
DA:78,1
DA:79,5
DA:80,1
DA:81,1
DA:82,1
DA:83,1
DA:84,1
DA:85,5
DA:89,1
DA:90,1
DA:91,1
DA:92,1
DA:93,1
DA:94,1
DA:95,1
DA:96,1
DA:97,1
DA:98,1
DA:99,1
DA:100,1
DA:101,1
DA:102,1
DA:103,1
DA:104,1
DA:105,1
DA:106,1
DA:107,1
LF:57
LH:57
end_of_record
SF:lib\features\tvseries\data\models\tv_model.dart
DA:19,5
DA:35,4
DA:36,2
DA:37,2
DA:38,8
DA:39,2
DA:40,2
DA:41,8
DA:42,2
DA:43,2
DA:44,2
DA:45,4
DA:46,2
DA:47,4
DA:48,2
DA:51,2
DA:52,2
DA:53,2
DA:54,2
DA:55,2
DA:56,2
DA:57,2
DA:58,2
DA:59,2
DA:60,2
DA:61,2
DA:62,2
DA:63,2
DA:67,2
DA:68,2
DA:69,2
DA:70,2
DA:71,2
DA:72,2
DA:73,2
DA:74,2
DA:75,2
DA:76,2
DA:77,2
DA:78,2
DA:79,2
DA:80,2
DA:81,2
LF:43
LH:43
end_of_record
SF:lib\features\tvseries\domain\entities\season_detail.dart
DA:13,29
DA:23,1
DA:24,1
DA:25,1
DA:26,1
DA:27,1
DA:28,1
DA:29,1
DA:30,1
DA:31,1
LF:10
LH:10
end_of_record
SF:lib\features\tvseries\domain\entities\tv.dart
DA:17,16
DA:31,2
DA:38,3
DA:39,3
DA:40,3
DA:41,3
DA:42,3
DA:43,3
DA:44,3
DA:45,3
DA:46,3
DA:47,3
DA:48,3
DA:49,3
DA:50,3
LF:15
LH:15
end_of_record
SF:lib\features\tvseries\domain\entities\tv_detail.dart
DA:22,29
DA:40,1
DA:41,1
DA:42,1
DA:43,1
DA:44,1
DA:45,1
DA:46,1
DA:47,1
DA:48,1
DA:49,1
DA:50,1
DA:51,1
DA:52,1
DA:53,1
DA:54,1
DA:55,1
DA:56,1
LF:18
LH:18
end_of_record
SF:lib\features\watchlist\data\datasources\db\database_helper.dart
DA:8,0
DA:12,0
DA:16,0
DA:17,0
DA:21,0
DA:25,0
DA:26,0
DA:27,0
DA:29,0
DA:33,0
DA:34,0
DA:42,0
DA:45,0
DA:46,0
DA:47,0
DA:50,0
DA:51,0
DA:52,0
DA:55,0
DA:59,0
DA:60,0
DA:61,0
DA:64,0
DA:66,0
DA:67,0
DA:73,0
DA:76,0
DA:77,0
DA:80,0
LF:29
LH:0
end_of_record
SF:lib\features\watchlist\data\datasources\watchlist_local_data_source.dart
DA:16,1
DA:18,1
DA:20,2
DA:22,1
DA:28,1
DA:30,2
DA:31,4
DA:34,1
DA:36,2
DA:37,4
DA:40,1
DA:43,2
DA:46,2
DA:50,1
DA:53,2
DA:56,2
LF:16
LH:16
end_of_record
SF:lib\features\watchlist\data\models\watchlist_table_model.dart
DA:14,29
DA:22,1
DA:23,1
DA:24,1
DA:25,1
DA:26,1
DA:27,1
DA:31,2
DA:32,1
DA:33,1
DA:34,1
DA:35,1
DA:39,1
DA:40,1
DA:41,1
DA:42,1
DA:43,1
DA:44,1
DA:45,1
DA:48,4
DA:49,2
DA:50,2
DA:51,2
DA:52,2
DA:53,2
DA:56,2
DA:57,1
DA:58,1
DA:59,1
DA:60,1
DA:63,2
DA:64,1
DA:65,1
DA:66,1
DA:67,1
DA:70,2
DA:71,10
LF:37
LH:37
end_of_record
SF:lib\common\constants.dart
DA:17,9
DA:21,39
DA:26,3
DA:31,3
LF:4
LH:4
end_of_record
SF:lib\data\models\genre_model.dart
DA:8,31
DA:13,4
DA:14,2
DA:15,2
DA:18,2
DA:19,1
DA:20,1
DA:23,2
DA:24,2
DA:25,2
DA:26,2
DA:30,2
DA:31,6
LF:13
LH:13
end_of_record
SF:lib\domain\entities\genre.dart
DA:7,30
DA:12,2
DA:13,6
LF:3
LH:3
end_of_record
SF:lib\features\tvseries\data\models\tv_response.dart
DA:7,3
DA:9,4
DA:10,2
DA:11,10
DA:12,4
DA:17,1
DA:18,2
LF:7
LH:7
end_of_record
SF:lib\features\tvseries\data\models\episode_model.dart
DA:18,2
DA:33,2
DA:34,1
DA:35,1
DA:36,1
DA:37,1
DA:38,1
DA:39,1
DA:40,1
DA:41,1
DA:42,1
DA:43,1
DA:44,1
DA:45,1
DA:48,1
DA:49,1
DA:50,1
DA:51,1
DA:52,1
DA:53,1
DA:54,1
DA:55,1
DA:56,1
DA:57,1
DA:58,1
DA:62,1
DA:63,1
DA:64,1
DA:65,1
DA:66,1
DA:67,1
DA:68,1
DA:69,1
DA:70,1
DA:71,1
DA:72,1
DA:73,1
DA:74,1
DA:75,1
LF:39
LH:39
end_of_record
SF:lib\features\tvseries\domain\entities\episode.dart
DA:14,29
DA:26,1
DA:27,1
DA:28,1
DA:29,1
DA:30,1
DA:31,1
DA:32,1
DA:33,1
DA:34,1
DA:35,1
DA:36,1
LF:12
LH:12
end_of_record
SF:lib\features\tvseries\data\models\season_model.dart
DA:13,29
DA:23,2
DA:24,1
DA:25,1
DA:26,1
DA:27,1
DA:28,1
DA:29,1
DA:30,1
DA:33,1
DA:34,1
DA:35,1
DA:36,1
DA:37,1
DA:38,1
DA:39,1
DA:40,1
DA:41,1
DA:45,1
DA:46,1
DA:47,1
DA:48,1
DA:49,1
DA:50,1
DA:51,1
DA:52,1
DA:53,1
LF:27
LH:27
end_of_record
SF:lib\features\tvseries\domain\entities\season.dart
DA:12,29
DA:22,1
DA:23,1
DA:24,1
DA:25,1
DA:26,1
DA:27,1
DA:28,1
DA:29,1
DA:30,1
LF:10
LH:10
end_of_record
SF:lib\data\repositories\movie_repository_impl.dart
DA:15,1
DA:19,1
DA:22,2
DA:23,5
DA:24,1
DA:26,1
DA:31,1
DA:34,2
DA:35,2
DA:36,1
DA:38,1
DA:43,1
DA:46,2
DA:47,3
DA:48,1
DA:50,1
DA:55,1
DA:58,2
DA:59,5
DA:60,1
DA:62,1
DA:67,1
DA:70,2
DA:71,5
DA:72,1
DA:74,1
DA:79,1
DA:82,2
DA:83,5
DA:84,1
DA:86,1
LF:31
LH:31
end_of_record
SF:lib\domain\usecases\get_movie_detail.dart
DA:9,1
DA:11,1
DA:12,2
LF:3
LH:3
end_of_record
SF:lib\domain\usecases\get_movie_recommendations.dart
DA:9,1
DA:11,1
DA:12,2
LF:3
LH:3
end_of_record
SF:lib\domain\usecases\get_now_playing_movies.dart
DA:9,1
DA:11,1
DA:12,2
LF:3
LH:3
end_of_record
SF:lib\domain\usecases\get_popular_movies.dart
DA:9,1
DA:11,1
DA:12,2
LF:3
LH:3
end_of_record
SF:lib\domain\usecases\get_top_rated_movies.dart
DA:9,1
DA:11,1
DA:12,2
LF:3
LH:3
end_of_record
SF:lib\domain\usecases\search_movies.dart
DA:9,1
DA:11,1
DA:12,2
LF:3
LH:3
end_of_record
SF:lib\features\tvseries\domain\usecases\get_on_the_air_tv.dart
DA:9,1
DA:11,1
DA:12,2
LF:3
LH:3
end_of_record
SF:lib\features\tvseries\data\repositories\tv_repository_impl.dart
DA:14,1
DA:18,1
DA:21,2
DA:22,5
DA:23,1
DA:25,1
DA:30,1
DA:33,2
DA:34,5
DA:35,1
DA:37,1
DA:42,1
DA:45,2
DA:46,5
DA:47,1
DA:49,1
DA:54,1
DA:57,2
DA:58,2
DA:59,1
DA:61,1
DA:66,1
DA:69,2
DA:70,3
DA:71,1
DA:73,1
DA:78,1
DA:81,2
DA:82,5
DA:83,1
DA:85,1
DA:90,1
DA:94,2
DA:95,2
DA:96,1
DA:98,1
LF:36
LH:36
end_of_record
SF:lib\features\tvseries\domain\usecases\get_popular_tv.dart
DA:9,1
DA:11,1
DA:12,2
LF:3
LH:3
end_of_record
SF:lib\features\tvseries\domain\usecases\get_season_detail.dart
DA:9,1
DA:11,1
DA:12,2
LF:3
LH:3
end_of_record
SF:lib\features\tvseries\domain\usecases\get_top_rated_tv.dart
DA:9,1
DA:11,1
DA:12,2
LF:3
LH:3
end_of_record
SF:lib\features\tvseries\domain\usecases\get_tv_detail.dart
DA:9,1
DA:11,1
DA:12,2
LF:3
LH:3
end_of_record
SF:lib\features\tvseries\domain\usecases\get_tv_recommendations.dart
DA:9,1
DA:11,1
DA:12,2
LF:3
LH:3
end_of_record
SF:lib\features\tvseries\domain\usecases\search_tv.dart
DA:9,1
DA:11,1
DA:12,2
LF:3
LH:3
end_of_record
SF:lib\features\tvseries\presentation\pages\home_tv_page.dart
DA:16,1
DA:17,1
DA:18,1
DA:22,1
DA:24,1
DA:25,1
DA:26,3
DA:27,1
DA:28,1
DA:29,1
DA:33,1
DA:35,1
DA:36,1
DA:40,1
DA:41,1
DA:43,0
DA:44,0
DA:50,1
DA:52,1
DA:54,1
DA:56,1
DA:57,1
DA:59,0
DA:64,2
DA:65,1
DA:66,1
DA:73,1
DA:74,1
DA:77,1
DA:80,1
DA:82,2
DA:86,1
DA:88,0
DA:93,2
DA:94,1
DA:95,1
DA:102,1
DA:103,1
DA:106,1
DA:109,1
DA:111,2
DA:115,1
DA:117,0
DA:122,1
DA:123,1
DA:124,1
DA:125,1
DA:132,1
DA:133,1
DA:136,1
DA:139,1
DA:141,2
DA:153,1
DA:154,1
DA:156,1
DA:157,1
DA:159,1
DA:161,1
DA:162,3
DA:183,1
DA:189,1
DA:191,1
DA:193,1
DA:195,2
DA:196,1
DA:197,2
DA:198,1
DA:200,1
DA:201,3
DA:202,0
DA:203,0
DA:206,0
DA:209,1
DA:210,2
LF:74
LH:66
end_of_record
SF:lib\features\tvseries\presentation\provider\tv_list_notifier.dart
DA:13,1
DA:20,2
DA:22,2
DA:25,2
DA:27,2
DA:30,2
DA:32,2
DA:35,2
DA:37,1
DA:38,1
DA:39,1
DA:41,2
DA:42,1
DA:43,1
DA:44,1
DA:45,2
DA:46,1
DA:48,1
DA:49,1
DA:50,1
DA:51,1
DA:56,1
DA:57,1
DA:58,1
DA:59,2
DA:60,1
DA:61,1
DA:62,1
DA:63,2
DA:64,1
DA:66,1
DA:67,1
DA:68,1
DA:69,1
DA:74,1
DA:75,1
DA:76,1
DA:77,2
DA:78,1
DA:79,1
DA:80,1
DA:81,2
DA:82,1
DA:84,1
DA:85,1
DA:86,1
DA:87,1
LF:47
LH:47
end_of_record
SF:lib\common\utils.dart
DA:4,6
DA:6,2
DA:7,4
DA:8,2
DA:12,1
DA:13,2
DA:14,1
DA:18,1
DA:20,1
LF:9
LH:9
end_of_record
SF:lib\common\widgets.dart
DA:5,3
DA:10,3
DA:14,3
DA:16,3
DA:19,0
DA:20,0
DA:24,0
DA:27,0
LF:8
LH:4
end_of_record
SF:lib\features\tvseries\domain\entities\season_detail_argument.dart
DA:8,1
DA:13,0
DA:14,0
LF:3
LH:1
end_of_record
SF:lib\features\tvseries\presentation\pages\on_the_air_tv_page.dart
DA:9,1
DA:10,1
DA:11,1
DA:15,1
DA:17,1
DA:18,1
DA:19,2
DA:20,1
DA:22,1
DA:26,1
DA:28,1
DA:29,1
DA:32,1
DA:34,1
DA:35,1
DA:36,2
DA:40,2
DA:41,1
DA:43,1
DA:44,2
DA:45,1
DA:46,2
DA:50,2
DA:53,1
DA:55,2
LF:25
LH:25
end_of_record
SF:lib\features\tvseries\presentation\pages\popular_tv_page.dart
DA:9,1
DA:10,1
DA:11,1
DA:15,1
DA:17,1
DA:18,1
DA:19,2
DA:20,1
DA:22,1
DA:26,1
DA:28,1
DA:29,1
DA:32,1
DA:34,1
DA:35,1
DA:36,2
DA:40,2
DA:41,1
DA:43,1
DA:44,2
DA:45,1
DA:46,2
DA:50,2
DA:53,1
DA:55,2
LF:25
LH:25
end_of_record
SF:lib\features\tvseries\presentation\pages\search_tv_page.dart
DA:10,1
DA:12,1
DA:14,1
DA:15,1
DA:18,1
DA:20,1
DA:22,1
DA:23,1
DA:25,1
DA:26,1
DA:29,1
DA:39,1
DA:41,1
DA:43,1
DA:44,1
DA:45,2
DA:52,2
DA:53,1
DA:54,1
DA:59,1
DA:61,1
DA:64,1
DA:65,1
DA:66,2
DA:67,1
DA:68,2
DA:74,2
DA:75,1
DA:76,1
DA:78,2
DA:95,29
DA:100,1
DA:102,1
DA:103,1
DA:104,1
DA:106,1
DA:108,1
DA:109,1
DA:110,1
DA:111,1
DA:112,1
LF:41
LH:41
end_of_record
SF:lib\features\tvseries\presentation\pages\top_rated_tv_page.dart
DA:9,1
DA:10,1
DA:11,1
DA:15,1
DA:17,1
DA:18,1
DA:19,2
DA:20,1
DA:22,1
DA:26,1
DA:28,1
DA:29,1
DA:32,1
DA:34,1
DA:35,1
DA:36,2
DA:40,2
DA:41,1
DA:43,2
DA:44,1
DA:45,2
DA:46,1
DA:47,2
DA:53,1
DA:55,2
LF:25
LH:25
end_of_record
SF:lib\features\tvseries\presentation\pages\tv_detail_page.dart
DA:20,1
DA:21,1
DA:22,1
DA:26,1
DA:28,1
DA:29,2
DA:30,2
DA:31,3
DA:32,3
DA:36,1
DA:38,1
DA:39,1
DA:40,1
DA:41,2
DA:45,2
DA:46,1
DA:48,1
DA:49,1
DA:50,1
DA:54,1
DA:56,2
DA:69,1
DA:75,1
DA:77,3
DA:78,1
DA:79,1
DA:80,1
DA:81,3
DA:83,1
DA:86,0
DA:88,1
DA:90,1
DA:92,1
DA:93,1
DA:100,1
DA:101,1
DA:102,1
DA:104,1
DA:106,1
DA:108,1
DA:109,4
DA:110,1
DA:112,2
DA:115,1
DA:117,1
DA:118,1
DA:126,4
DA:128,1
DA:129,1
DA:130,1
DA:131,3
DA:133,1
DA:139,4
DA:143,2
DA:144,4
DA:145,2
DA:148,3
DA:149,1
DA:151,1
DA:152,2
DA:153,1
DA:155,1
DA:160,3
DA:161,1
DA:162,3
DA:163,1
DA:164,2
DA:165,0
DA:168,0
DA:169,0
DA:173,1
DA:181,1
DA:183,1
DA:185,1
DA:186,1
DA:187,1
DA:188,1
DA:192,1
DA:193,1
DA:196,2
DA:198,1
DA:199,2
DA:202,1
DA:203,1
DA:204,1
DA:209,1
DA:215,2
DA:216,1
DA:218,2
DA:219,1
DA:222,1
DA:223,2
DA:224,0
DA:226,0
DA:229,0
DA:232,1
DA:251,1
DA:253,1
DA:265,1
DA:267,1
DA:270,1
DA:273,1
DA:274,1
DA:283,1
DA:284,1
DA:285,2
DA:289,1
DA:290,1
DA:296,1
DA:298,1
DA:299,3
DA:301,1
DA:302,1
DA:303,1
DA:310,1
DA:311,1
DA:312,1
DA:315,2
DA:317,1
DA:320,2
DA:324,2
DA:325,1
DA:326,1
DA:327,2
DA:328,2
DA:331,1
DA:333,1
DA:334,1
DA:335,1
DA:342,1
DA:344,2
DA:345,3
DA:347,1
DA:350,3
LF:134
LH:127
end_of_record
SF:lib\features\tvseries\presentation\provider\on_the_air_tv_notifier.dart
DA:9,1
DA:14,2
DA:16,2
DA:19,2
DA:21,1
DA:22,1
DA:23,1
DA:24,2
DA:25,1
DA:26,1
DA:27,2
DA:28,1
DA:29,1
DA:31,1
DA:32,1
DA:33,1
DA:34,1
LF:17
LH:17
end_of_record
SF:lib\features\tvseries\presentation\widgets\tv_card_list.dart
DA:10,5
DA:12,5
DA:14,5
DA:16,5
DA:17,0
DA:18,0
DA:21,0
DA:24,5
DA:26,5
DA:27,5
DA:28,5
DA:29,15
DA:35,5
DA:37,5
DA:38,5
DA:39,10
DA:42,5
DA:45,5
DA:46,10
DA:54,5
DA:59,5
DA:61,5
DA:62,15
DA:64,5
DA:67,0
LF:25
LH:21
end_of_record
SF:lib\features\tvseries\presentation\provider\populer_tv_notifier.dart
DA:9,1
DA:14,2
DA:16,2
DA:19,2
DA:21,1
DA:22,1
DA:23,1
DA:24,2
DA:25,1
DA:26,1
DA:27,2
DA:28,1
DA:29,1
DA:31,1
DA:32,1
DA:33,1
DA:34,1
LF:17
LH:17
end_of_record
SF:lib\features\tvseries\presentation\provider\tv_search_notifier.dart
DA:8,1
DA:11,2
DA:14,2
DA:17,2
DA:19,1
DA:20,1
DA:21,1
DA:22,2
DA:23,1
DA:24,1
DA:25,2
DA:26,1
DA:27,1
DA:29,1
DA:30,1
DA:31,1
DA:32,1
LF:17
LH:17
end_of_record
SF:lib\features\tvseries\presentation\pages\season_detail_page.dart
DA:17,1
DA:22,1
DA:23,1
DA:27,1
DA:29,1
DA:30,2
DA:31,1
DA:32,1
DA:34,1
DA:35,3
DA:36,4
DA:41,1
DA:43,1
DA:44,1
DA:45,1
DA:46,2
DA:50,2
DA:51,1
DA:52,1
DA:54,1
DA:55,3
DA:60,1
DA:62,2
DA:75,1
DA:81,1
DA:83,3
DA:84,3
DA:85,1
DA:87,1
DA:88,1
DA:89,1
DA:90,1
DA:91,3
DA:94,1
DA:95,1
DA:98,0
DA:99,0
DA:105,1
DA:107,1
DA:110,1
DA:113,0
DA:114,0
DA:122,1
DA:124,1
DA:126,1
DA:127,1
DA:128,2
DA:129,2
DA:134,5
DA:139,1
DA:140,1
DA:143,1
DA:145,1
DA:146,1
DA:148,1
DA:151,1
DA:152,1
DA:154,2
DA:155,2
DA:157,3
DA:158,1
DA:159,3
DA:160,1
DA:161,2
DA:178,1
DA:187,1
DA:189,1
DA:191,1
DA:193,1
DA:194,1
DA:195,1
DA:196,1
DA:199,1
DA:200,1
DA:203,1
DA:204,3
DA:205,1
DA:208,0
DA:211,0
DA:219,1
DA:222,1
DA:223,1
DA:224,3
DA:225,2
DA:227,1
DA:229,1
DA:230,2
DA:233,2
DA:240,3
DA:241,1
DA:242,3
DA:243,2
DA:245,1
DA:253,3
DA:254,1
DA:255,2
DA:256,1
DA:262,2
LF:98
LH:92
end_of_record
SF:lib\features\tvseries\presentation\provider\season_detail_notifier.dart
DA:9,1
DA:12,2
DA:14,2
DA:17,2
DA:19,1
DA:23,1
DA:24,1
DA:25,2
DA:26,1
DA:27,1
DA:28,2
DA:29,1
DA:30,1
DA:32,1
DA:33,1
DA:34,1
DA:35,1
LF:17
LH:17
end_of_record
SF:lib\features\tvseries\presentation\provider\top_rated_tv_notifier.dart
DA:8,1
DA:13,2
DA:15,2
DA:18,2
DA:20,1
DA:21,1
DA:22,1
DA:23,2
DA:24,1
DA:25,1
DA:26,2
DA:27,1
DA:28,1
DA:30,1
DA:31,1
DA:32,1
DA:33,1
LF:17
LH:17
end_of_record
SF:lib\features\tvseries\presentation\provider\tv_detail_notifier.dart
DA:21,1
DA:30,2
DA:32,2
DA:35,2
DA:37,2
DA:40,2
DA:43,2
DA:45,1
DA:46,1
DA:47,1
DA:48,2
DA:49,2
DA:50,1
DA:51,1
DA:52,1
DA:53,2
DA:54,1
DA:56,1
DA:57,1
DA:58,1
DA:59,1
DA:60,1
DA:61,1
DA:62,1
DA:63,2
DA:65,1
DA:66,1
DA:67,1
DA:70,1
DA:71,1
DA:77,2
DA:79,1
DA:80,2
DA:81,1
DA:82,1
DA:83,2
DA:85,1
DA:86,1
DA:89,2
DA:92,1
DA:93,2
DA:94,1
DA:95,1
DA:96,2
DA:98,1
DA:99,1
DA:102,2
DA:105,1
DA:106,2
DA:107,1
DA:108,1
LF:51
LH:51
end_of_record
SF:lib\features\watchlist\domain\usecases\get_watchlist_status.dart
DA:6,1
DA:8,1
DA:9,2
LF:3
LH:3
end_of_record
SF:lib\features\watchlist\domain\usecases\remove_watchlist_tv.dart
DA:9,1
DA:11,1
DA:12,2
LF:3
LH:3
end_of_record
SF:lib\features\watchlist\domain\usecases\save_watchlist_tv.dart
DA:9,1
DA:11,1
DA:12,2
LF:3
LH:3
end_of_record
SF:lib\features\watchlist\data\repositories\watchlist_repository_impl.dart
DA:14,1
DA:16,1
DA:18,2
DA:19,5
DA:22,1
DA:24,2
DA:25,5
DA:28,1
DA:30,2
DA:34,1
DA:37,2
DA:38,1
DA:40,1
DA:41,1
DA:42,3
DA:46,1
DA:51,2
DA:52,1
DA:54,1
DA:55,1
DA:56,3
DA:60,1
DA:63,2
DA:64,1
DA:66,1
DA:67,1
DA:68,3
DA:74,1
DA:77,2
DA:78,1
DA:80,1
DA:81,1
DA:82,3
LF:33
LH:33
end_of_record
SF:lib\features\watchlist\domain\usecases\get_watchlist_movies.dart
DA:9,1
DA:11,1
DA:12,2
LF:3
LH:3
end_of_record
SF:lib\features\watchlist\domain\usecases\get_watchlist_tv.dart
DA:9,1
DA:11,1
DA:12,2
LF:3
LH:3
end_of_record
SF:lib\features\watchlist\domain\usecases\remove_watchlist_movie.dart
DA:9,1
DA:11,1
DA:12,2
LF:3
LH:3
end_of_record
SF:lib\features\watchlist\domain\usecases\save_watchlist_movie.dart
DA:9,1
DA:11,1
DA:12,2
LF:3
LH:3
end_of_record
SF:lib\features\watchlist\presentation\provider\watchlist_notifier.dart
DA:12,1
DA:18,2
DA:21,2
DA:24,2
DA:27,2
DA:29,1
DA:30,1
DA:31,1
DA:32,2
DA:33,1
DA:34,1
DA:35,1
DA:36,2
DA:37,1
DA:39,1
DA:40,1
DA:41,1
DA:42,1
DA:47,1
DA:48,1
DA:49,1
DA:50,2
DA:51,1
DA:52,1
DA:53,1
DA:54,2
DA:55,1
DA:57,1
DA:58,1
DA:59,1
DA:60,1
LF:31
LH:31
end_of_record
SF:lib\features\watchlist\presentation\pages\watchlist_movies_page.dart
DA:11,1
DA:12,1
DA:13,1
DA:18,1
DA:20,1
DA:21,1
DA:22,2
DA:23,1
DA:25,1
DA:29,1
DA:31,1
DA:32,4
DA:35,0
DA:37,0
DA:38,0
DA:40,0
DA:43,1
DA:45,1
DA:46,1
DA:49,1
DA:51,1
DA:52,1
DA:53,2
DA:57,2
DA:58,2
DA:59,1
DA:61,1
DA:63,1
DA:64,1
DA:65,1
DA:67,1
DA:73,1
DA:75,2
DA:76,1
DA:77,2
DA:78,1
DA:79,2
DA:85,1
DA:87,2
DA:96,1
DA:98,2
DA:99,1
LF:42
LH:38
end_of_record
SF:lib\presentation\widgets\movie_card_list.dart
DA:10,4
DA:12,4
DA:14,4
DA:16,4
DA:17,0
DA:18,0
DA:21,0
DA:24,4
DA:26,4
DA:27,4
DA:28,4
DA:29,12
DA:35,4
DA:37,4
DA:38,4
DA:39,8
DA:42,4
DA:45,4
DA:46,8
DA:54,4
DA:59,4
DA:61,4
DA:62,12
DA:64,4
DA:67,0
LF:25
LH:21
end_of_record
SF:lib\presentation\pages\movie_detail_page.dart
DA:19,1
DA:20,1
DA:21,1
DA:25,1
DA:27,1
DA:28,2
DA:29,1
DA:30,1
DA:32,3
DA:33,1
DA:34,1
DA:36,3
DA:40,1
DA:42,1
DA:43,1
DA:44,1
DA:45,2
DA:47,2
DA:48,1
DA:49,1
DA:51,1
DA:53,1
DA:54,1
DA:58,1
DA:60,2
DA:74,1
DA:81,1
DA:83,3
DA:84,1
DA:85,1
DA:86,1
DA:87,3
DA:89,1
DA:92,0
DA:94,1
DA:96,1
DA:98,1
DA:99,1
DA:110,1
DA:111,1
DA:112,1
DA:114,1
DA:116,1
DA:118,1
DA:119,1
DA:120,2
DA:121,1
DA:123,1
DA:125,2
DA:126,1
DA:128,1
DA:129,1
DA:136,4
DA:137,4
DA:138,1
DA:139,1
DA:140,1
DA:141,3
DA:143,1
DA:149,4
DA:153,2
DA:154,3
DA:156,1
DA:158,1
DA:160,1
DA:161,1
DA:162,1
DA:163,1
DA:167,1
DA:168,1
DA:170,2
DA:172,1
DA:173,1
DA:178,1
DA:183,2
DA:184,1
DA:185,2
DA:186,1
DA:188,1
DA:189,0
DA:190,0
DA:193,0
DA:196,1
DA:213,1
DA:215,1
DA:227,1
DA:229,1
DA:232,1
DA:235,1
DA:236,1
DA:245,1
DA:246,3
DA:249,1
DA:250,1
DA:251,1
DA:254,1
DA:255,1
DA:258,1
DA:261,1
DA:262,1
DA:266,1
DA:269,1
DA:271,1
DA:272,1
DA:273,2
DA:274,2
DA:277,1
DA:279,1
DA:280,1
DA:281,1
DA:288,1
DA:290,2
DA:291,3
DA:293,1
DA:296,3
DA:299,1
DA:300,1
DA:301,1
DA:303,1
DA:304,1
DA:306,0
LF:121
LH:116
end_of_record
SF:lib\presentation\provider\movie_detail_notifier.dart
DA:22,1
DA:31,2
DA:34,2
DA:37,2
DA:40,2
DA:43,2
DA:46,2
DA:48,1
DA:49,1
DA:50,1
DA:51,2
DA:52,2
DA:53,1
DA:54,1
DA:55,1
DA:56,2
DA:57,1
DA:59,1
DA:60,1
DA:61,1
DA:62,1
DA:63,1
DA:64,1
DA:65,1
DA:66,2
DA:68,1
DA:69,1
DA:70,1
DA:73,1
DA:74,1
DA:80,2
DA:82,1
DA:83,2
DA:84,1
DA:85,1
DA:86,2
DA:88,1
DA:89,1
DA:92,2
DA:95,1
DA:96,2
DA:97,1
DA:98,1
DA:99,2
DA:101,1
DA:102,1
DA:105,2
DA:108,1
DA:109,2
DA:110,1
DA:111,1
LF:51
LH:51
end_of_record
SF:lib\features\watchlist\presentation\pages\watchlist_tv_page.dart
DA:11,1
DA:12,1
DA:13,1
DA:17,1
DA:19,1
DA:20,1
DA:21,2
DA:22,1
DA:24,1
DA:28,1
DA:30,1
DA:31,4
DA:34,0
DA:36,0
DA:39,1
DA:41,1
DA:42,1
DA:45,1
DA:47,1
DA:48,1
DA:49,2
DA:53,2
DA:54,2
DA:55,1
DA:57,1
DA:59,1
DA:60,1
DA:61,1
DA:63,1
DA:69,1
DA:71,1
DA:72,2
DA:73,1
DA:74,2
DA:78,2
DA:81,1
DA:83,2
DA:92,1
DA:94,2
DA:95,1
LF:40
LH:38
end_of_record
SF:lib\presentation\pages\popular_movies_page.dart
DA:9,1
DA:10,1
DA:11,1
DA:15,1
DA:17,1
DA:18,1
DA:19,2
DA:20,1
DA:22,1
DA:26,1
DA:28,1
DA:29,1
DA:32,1
DA:34,1
DA:35,1
DA:36,2
DA:40,2
DA:41,1
DA:43,1
DA:44,2
DA:45,1
DA:46,2
DA:50,2
DA:53,1
DA:55,2
LF:25
LH:25
end_of_record
SF:lib\presentation\provider\popular_movies_notifier.dart
DA:9,1
DA:12,2
DA:15,2
DA:18,2
DA:20,1
DA:21,1
DA:22,1
DA:23,2
DA:24,1
DA:25,1
DA:26,2
DA:27,1
DA:28,1
DA:30,1
DA:31,1
DA:32,1
DA:33,1
LF:17
LH:17
end_of_record
SF:lib\presentation\provider\movie_list_notifier.dart
DA:13,1
DA:20,2
DA:23,2
DA:26,2
DA:29,2
DA:32,2
DA:35,2
DA:38,2
DA:40,1
DA:41,1
DA:42,1
DA:44,2
DA:45,1
DA:46,1
DA:47,1
DA:48,2
DA:49,1
DA:51,1
DA:52,1
DA:53,1
DA:54,1
DA:59,1
DA:60,1
DA:61,1
DA:62,2
DA:63,1
DA:64,1
DA:65,1
DA:66,2
DA:67,1
DA:69,1
DA:70,1
DA:71,1
DA:72,1
DA:77,1
DA:78,1
DA:79,1
DA:80,2
DA:81,1
DA:82,1
DA:83,1
DA:84,2
DA:85,1
DA:87,1
DA:88,1
DA:89,1
DA:90,1
LF:47
LH:47
end_of_record
SF:lib\presentation\provider\movie_search_notifier.dart
DA:9,1
DA:12,2
DA:15,2
DA:18,2
DA:20,1
DA:21,1
DA:22,1
DA:23,2
DA:24,1
DA:25,1
DA:26,2
DA:27,1
DA:28,1
DA:30,1
DA:31,1
DA:32,1
DA:33,1
LF:17
LH:17
end_of_record
SF:lib\presentation\pages\search_movie_page.dart
DA:10,1
DA:12,1
DA:14,1
DA:15,1
DA:18,1
DA:20,1
DA:22,1
DA:23,1
DA:25,1
DA:26,1
DA:29,1
DA:39,1
DA:41,1
DA:43,1
DA:44,1
DA:45,2
DA:52,2
DA:53,1
DA:54,1
DA:59,1
DA:61,1
DA:64,1
DA:65,1
DA:66,2
DA:67,1
DA:68,2
DA:74,2
DA:75,1
DA:76,1
DA:78,2
DA:95,2
DA:100,1
DA:102,1
DA:103,1
DA:104,1
DA:106,1
DA:108,1
DA:109,1
DA:110,1
DA:111,1
DA:112,1
LF:41
LH:41
end_of_record
SF:lib\presentation\pages\top_rated_movies_page.dart
DA:9,1
DA:10,1
DA:11,1
DA:15,1
DA:17,1
DA:18,1
DA:19,2
DA:20,1
DA:22,1
DA:26,1
DA:28,1
DA:29,1
DA:32,1
DA:34,1
DA:35,1
DA:36,2
DA:40,2
DA:41,1
DA:43,1
DA:44,2
DA:45,1
DA:46,2
DA:50,2
DA:53,1
DA:55,2
LF:25
LH:25
end_of_record
SF:lib\presentation\provider\top_rated_movies_notifier.dart
DA:9,1
DA:12,2
DA:15,2
DA:18,2
DA:20,1
DA:21,1
DA:22,1
DA:23,2
DA:24,1
DA:25,1
DA:26,2
DA:27,1
DA:28,1
DA:30,1
DA:31,1
DA:32,1
DA:33,1
LF:17
LH:17
end_of_record
