SF:lib\data\models\movie_detail_model.dart
DA:28,15
DA:52,1
DA:53,1
DA:54,1
DA:55,1
DA:56,1
DA:57,1
DA:58,4
DA:59,1
DA:60,1
DA:61,1
DA:62,1
DA:63,1
DA:64,1
DA:65,2
DA:66,1
DA:67,1
DA:68,1
DA:69,1
DA:70,1
DA:71,1
DA:72,1
DA:73,1
DA:74,2
DA:75,1
DA:78,2
DA:79,1
DA:80,1
DA:81,1
DA:82,3
DA:83,1
DA:84,1
DA:85,1
DA:86,1
DA:87,1
DA:88,1
DA:89,1
DA:90,1
DA:91,1
DA:92,1
DA:93,1
DA:94,1
DA:95,1
DA:96,1
DA:97,1
DA:98,1
DA:99,1
DA:102,1
DA:103,1
DA:104,1
DA:105,1
DA:106,5
DA:107,1
DA:108,1
DA:109,1
DA:110,1
DA:111,1
DA:112,1
DA:113,1
DA:114,1
DA:115,1
DA:119,1
DA:120,1
DA:121,1
DA:122,1
DA:123,1
DA:124,1
DA:125,1
DA:126,1
DA:127,1
DA:128,1
DA:129,1
DA:130,1
DA:131,1
DA:132,1
DA:133,1
DA:134,1
DA:135,1
DA:136,1
DA:137,1
DA:138,1
DA:139,1
DA:140,1
DA:141,1
LF:84
LH:84
end_of_record
SF:lib\data\models\movie_model.dart
DA:19,15
DA:35,4
DA:36,2
DA:37,2
DA:38,8
DA:39,2
DA:40,2
DA:41,2
DA:42,4
DA:43,2
DA:44,2
DA:45,2
DA:46,2
DA:47,4
DA:48,2
DA:51,2
DA:52,1
DA:53,1
DA:54,4
DA:55,1
DA:56,1
DA:57,1
DA:58,1
DA:59,1
DA:60,1
DA:61,1
DA:62,1
DA:63,1
DA:64,1
DA:67,2
DA:68,2
DA:69,2
DA:70,2
DA:71,2
DA:72,2
DA:73,2
DA:74,2
DA:75,2
DA:76,2
DA:77,2
DA:78,2
DA:79,2
DA:80,2
DA:81,2
DA:85,2
DA:86,2
DA:87,2
DA:88,2
DA:89,2
DA:90,2
DA:91,2
DA:92,2
DA:93,2
DA:94,2
DA:95,2
DA:96,2
DA:97,2
DA:98,2
DA:99,2
LF:59
LH:59
end_of_record
SF:lib\domain\entities\movie.dart
DA:19,9
DA:35,0
DA:42,2
DA:43,2
DA:44,2
DA:45,2
DA:46,2
DA:47,2
DA:48,2
DA:49,2
DA:50,2
DA:51,2
DA:52,2
DA:53,2
DA:54,2
DA:55,2
DA:56,2
LF:17
LH:16
end_of_record
SF:lib\domain\entities\movie_detail.dart
DA:18,14
DA:33,1
DA:34,1
DA:35,1
DA:36,1
DA:37,1
DA:38,1
DA:39,1
DA:40,1
DA:41,1
DA:42,1
DA:43,1
DA:44,1
DA:45,1
LF:14
LH:14
end_of_record
SF:lib\domain\usecases\get_movie_detail.dart
DA:9,1
DA:11,1
DA:12,2
LF:3
LH:3
end_of_record
SF:lib\domain\usecases\get_movie_recommendations.dart
DA:9,1
DA:11,1
DA:12,2
LF:3
LH:3
end_of_record
SF:lib\domain\usecases\get_popular_movies.dart
DA:9,1
DA:11,1
DA:12,2
LF:3
LH:3
end_of_record
SF:lib\domain\usecases\get_top_rated_movies.dart
DA:9,1
DA:11,1
DA:12,2
LF:3
LH:3
end_of_record
SF:lib\data\datasources\movie_remote_data_source.dart
DA:19,1
DA:23,1
DA:25,2
DA:26,2
DA:29,2
DA:30,4
DA:32,1
DA:36,1
DA:38,4
DA:40,2
DA:41,3
DA:43,1
DA:47,1
DA:49,2
DA:50,2
DA:52,2
DA:53,4
DA:55,1
DA:59,1
DA:61,2
DA:62,2
DA:64,2
DA:65,4
DA:67,1
DA:71,1
DA:73,2
DA:74,2
DA:76,2
DA:77,4
DA:79,1
DA:83,1
DA:85,2
DA:86,2
DA:88,2
DA:89,4
DA:91,1
LF:36
LH:36
end_of_record
SF:lib\domain\usecases\get_now_playing_movies.dart
DA:9,1
DA:11,1
DA:12,2
LF:3
LH:3
end_of_record
SF:lib\presentation\provider\movie_detail_notifier.dart
DA:20,1
DA:29,2
DA:32,2
DA:35,2
DA:38,2
DA:41,2
DA:44,2
DA:46,1
DA:47,1
DA:48,1
DA:49,2
DA:50,2
DA:51,1
DA:52,1
DA:53,1
DA:54,2
DA:55,1
DA:57,1
DA:58,1
DA:59,1
DA:60,1
DA:61,1
DA:62,1
DA:63,1
DA:64,2
DA:66,1
DA:67,1
DA:68,1
DA:71,1
DA:72,1
DA:78,2
DA:80,1
DA:81,2
DA:82,1
DA:83,1
DA:84,2
DA:86,1
DA:87,1
DA:90,2
DA:93,1
DA:94,2
DA:95,1
DA:96,1
DA:97,2
DA:99,1
DA:100,1
DA:103,2
DA:106,1
DA:107,2
DA:108,1
DA:109,1
LF:51
LH:51
end_of_record
SF:lib\presentation\provider\popular_movies_notifier.dart
DA:9,1
DA:12,2
DA:15,2
DA:18,2
DA:20,1
DA:21,1
DA:22,1
DA:23,2
DA:24,1
DA:25,1
DA:26,2
DA:27,1
DA:28,1
DA:30,1
DA:31,1
DA:32,1
DA:33,1
LF:17
LH:17
end_of_record
SF:lib\presentation\provider\top_rated_movies_notifier.dart
DA:9,1
DA:12,2
DA:15,2
DA:18,2
DA:20,1
DA:21,1
DA:22,1
DA:23,2
DA:24,1
DA:25,1
DA:26,2
DA:27,1
DA:28,1
DA:30,1
DA:31,1
DA:32,1
DA:33,1
LF:17
LH:17
end_of_record
SF:lib\data\models\movie_response.dart
DA:7,15
DA:9,4
DA:10,4
DA:11,6
DA:12,6
DA:15,2
DA:16,5
DA:19,1
DA:20,2
LF:9
LH:9
end_of_record
SF:lib\data\repositories\movie_repository_impl.dart
DA:13,1
DA:17,1
DA:20,2
DA:21,5
DA:22,1
DA:24,1
DA:29,1
DA:32,2
DA:33,2
DA:34,1
DA:36,1
DA:41,1
DA:44,2
DA:45,3
DA:46,1
DA:48,1
DA:53,1
DA:56,2
DA:57,5
DA:58,1
DA:60,1
DA:65,1
DA:68,2
DA:69,5
DA:70,1
DA:72,1
DA:77,1
DA:80,2
DA:81,5
DA:82,1
DA:84,1
LF:31
LH:31
end_of_record
SF:lib\domain\entities\genre.dart
DA:7,0
DA:12,0
DA:13,0
LF:3
LH:0
end_of_record
SF:lib\presentation\provider\movie_list_notifier.dart
DA:13,1
DA:20,2
DA:23,2
DA:26,2
DA:29,2
DA:32,2
DA:35,2
DA:38,2
DA:40,1
DA:41,1
DA:42,1
DA:44,2
DA:45,1
DA:46,1
DA:47,1
DA:48,2
DA:49,1
DA:51,1
DA:52,1
DA:53,1
DA:54,1
DA:59,1
DA:60,1
DA:61,1
DA:62,2
DA:63,1
DA:64,1
DA:65,1
DA:66,2
DA:67,1
DA:69,1
DA:70,1
DA:71,1
DA:72,1
DA:77,1
DA:78,1
DA:79,1
DA:80,2
DA:81,1
DA:82,1
DA:83,1
DA:84,2
DA:85,1
DA:87,1
DA:88,1
DA:89,1
DA:90,1
LF:47
LH:47
end_of_record
SF:lib\presentation\pages\home_movie_page.dart
DA:9,0
DA:11,0
DA:12,0
DA:16,0
DA:18,0
DA:19,0
DA:20,0
DA:21,0
DA:22,0
DA:23,0
DA:26,0
DA:28,0
DA:29,0
DA:33,0
DA:34,0
DA:36,0
DA:37,0
DA:43,0
DA:45,0
DA:47,0
DA:49,0
DA:50,0
DA:52,0
DA:54,0
DA:55,0
DA:56,0
DA:60,0
DA:61,0
DA:63,0
DA:69,0
DA:71,0
DA:76,0
DA:77,0
DA:78,0
DA:82,0
DA:83,0
DA:85,0
DA:91,0
DA:93,0
DA:98,0
DA:99,0
DA:100,0
DA:101,0
DA:105,0
DA:106,0
DA:108,0
DA:122,0
DA:126,0
DA:128,0
DA:129,0
DA:131,0
DA:133,0
DA:134,0
DA:155,0
DA:161,0
DA:163,0
DA:165,0
DA:166,0
DA:168,0
DA:169,0
DA:170,0
DA:171,0
DA:173,0
DA:174,0
DA:175,0
DA:176,0
DA:179,0
DA:182,0
LF:68
LH:0
end_of_record
SF:lib\presentation\pages\movie_detail_page.dart
DA:15,1
DA:16,1
DA:17,1
DA:21,1
DA:23,1
DA:24,2
DA:25,1
DA:26,1
DA:28,3
DA:29,1
DA:30,1
DA:32,3
DA:36,1
DA:38,1
DA:39,1
DA:40,1
DA:41,2
DA:43,2
DA:44,1
DA:45,1
DA:47,1
DA:49,1
DA:50,1
DA:54,1
DA:56,2
DA:70,1
DA:77,1
DA:79,3
DA:80,1
DA:81,1
DA:82,1
DA:83,3
DA:85,1
DA:88,0
DA:90,1
DA:92,1
DA:94,1
DA:95,1
DA:106,1
DA:107,1
DA:108,1
DA:110,1
DA:112,1
DA:114,1
DA:115,1
DA:116,2
DA:117,1
DA:119,1
DA:121,2
DA:122,1
DA:124,1
DA:125,1
DA:132,4
DA:133,4
DA:134,1
DA:135,1
DA:136,1
DA:137,3
DA:139,1
DA:145,4
DA:149,2
DA:150,3
DA:152,1
DA:154,1
DA:156,1
DA:157,1
DA:158,1
DA:159,1
DA:163,1
DA:164,1
DA:166,2
DA:168,1
DA:169,1
DA:174,1
DA:179,2
DA:180,1
DA:181,2
DA:182,1
DA:184,1
DA:185,0
DA:186,0
DA:189,0
DA:192,1
DA:209,1
DA:211,1
DA:223,1
DA:225,1
DA:228,1
DA:231,1
DA:232,1
DA:241,1
DA:242,2
DA:245,1
DA:246,1
DA:247,1
DA:250,1
DA:251,1
DA:254,1
DA:257,1
DA:258,1
DA:262,1
DA:265,1
DA:267,1
DA:268,1
DA:269,2
DA:270,2
DA:273,1
DA:275,1
DA:276,1
DA:277,1
DA:284,1
DA:286,2
DA:287,3
DA:289,1
DA:292,3
DA:295,1
DA:296,1
DA:297,1
DA:299,1
DA:300,1
DA:302,0
LF:121
LH:116
end_of_record
SF:lib\presentation\pages\popular_movies_page.dart
DA:9,1
DA:10,1
DA:11,1
DA:15,1
DA:17,1
DA:18,1
DA:19,2
DA:20,1
DA:22,1
DA:26,1
DA:28,1
DA:29,1
DA:32,1
DA:34,1
DA:35,1
DA:36,2
DA:40,2
DA:41,1
DA:43,1
DA:44,2
DA:45,1
DA:46,2
DA:50,2
DA:53,1
DA:55,2
LF:25
LH:25
end_of_record
SF:lib\presentation\pages\top_rated_movies_page.dart
DA:9,1
DA:10,1
DA:11,1
DA:15,1
DA:17,1
DA:18,1
DA:19,2
DA:20,1
DA:22,1
DA:26,1
DA:28,1
DA:29,1
DA:32,1
DA:34,1
DA:35,1
DA:36,2
DA:40,2
DA:41,1
DA:43,1
DA:44,2
DA:45,1
DA:46,2
DA:50,2
DA:53,1
DA:55,2
LF:25
LH:25
end_of_record
SF:lib\presentation\widgets\movie_card_list.dart
DA:9,2
DA:11,2
DA:13,2
DA:15,2
DA:16,0
DA:17,0
DA:20,0
DA:23,2
DA:25,2
DA:26,2
DA:27,2
DA:28,6
DA:34,2
DA:36,2
DA:37,2
DA:38,4
DA:41,2
DA:44,2
DA:45,4
DA:53,2
DA:58,2
DA:60,2
DA:61,6
DA:63,2
DA:66,0
LF:25
LH:21
end_of_record
