SF:lib\data\datasources\movie_remote_data_source.dart
DA:18,1
DA:22,1
DA:24,2
DA:25,2
DA:28,2
DA:29,4
DA:31,1
DA:35,1
DA:38,4
DA:40,2
DA:41,3
DA:43,1
DA:47,1
DA:49,2
DA:50,2
DA:52,2
DA:53,4
DA:55,1
DA:59,1
DA:61,2
DA:62,2
DA:64,2
DA:65,4
DA:67,1
DA:71,1
DA:73,2
DA:74,2
DA:76,2
DA:77,4
DA:79,1
DA:83,1
DA:85,2
DA:86,2
DA:88,2
DA:89,4
DA:91,1
LF:36
LH:36
end_of_record
SF:lib\data\models\movie_detail_model.dart
DA:28,17
DA:52,1
DA:53,1
DA:54,1
DA:55,1
DA:56,1
DA:57,1
DA:58,4
DA:59,1
DA:60,1
DA:61,1
DA:62,1
DA:63,1
DA:64,1
DA:65,2
DA:66,1
DA:67,1
DA:68,1
DA:69,1
DA:70,1
DA:71,1
DA:72,1
DA:73,1
DA:74,2
DA:75,1
DA:78,2
DA:79,1
DA:80,1
DA:81,1
DA:82,3
DA:83,1
DA:84,1
DA:85,1
DA:86,1
DA:87,1
DA:88,1
DA:89,1
DA:90,1
DA:91,1
DA:92,1
DA:93,1
DA:94,1
DA:95,1
DA:96,1
DA:97,1
DA:98,1
DA:99,1
DA:102,1
DA:103,1
DA:104,1
DA:105,1
DA:106,5
DA:107,1
DA:108,1
DA:109,1
DA:110,1
DA:111,1
DA:112,1
DA:113,1
DA:114,1
DA:115,1
DA:119,1
DA:120,1
DA:121,1
DA:122,1
DA:123,1
DA:124,1
DA:125,1
DA:126,1
DA:127,1
DA:128,1
DA:129,1
DA:130,1
DA:131,1
DA:132,1
DA:133,1
DA:134,1
DA:135,1
DA:136,1
DA:137,1
DA:138,1
DA:139,1
DA:140,1
DA:141,1
LF:84
LH:84
end_of_record
SF:lib\data\models\movie_model.dart
DA:19,17
DA:35,4
DA:36,2
DA:37,2
DA:38,8
DA:39,2
DA:40,2
DA:41,2
DA:42,4
DA:43,2
DA:44,2
DA:45,2
DA:46,2
DA:47,4
DA:48,2
DA:51,2
DA:52,1
DA:53,1
DA:54,4
DA:55,1
DA:56,1
DA:57,1
DA:58,1
DA:59,1
DA:60,1
DA:61,1
DA:62,1
DA:63,1
DA:64,1
DA:67,2
DA:68,2
DA:69,2
DA:70,2
DA:71,2
DA:72,2
DA:73,2
DA:74,2
DA:75,2
DA:76,2
DA:77,2
DA:78,2
DA:79,2
DA:80,2
DA:81,2
DA:85,2
DA:86,2
DA:87,2
DA:88,2
DA:89,2
DA:90,2
DA:91,2
DA:92,2
DA:93,2
DA:94,2
DA:95,2
DA:96,2
DA:97,2
DA:98,2
DA:99,2
LF:59
LH:59
end_of_record
SF:lib\data\models\movie_response.dart
DA:7,17
DA:9,4
DA:10,4
DA:11,6
DA:12,6
DA:15,2
DA:16,5
DA:19,1
DA:20,2
LF:9
LH:9
end_of_record
SF:lib\domain\entities\movie_detail.dart
DA:18,16
DA:33,2
DA:34,2
DA:35,2
DA:36,2
DA:37,2
DA:38,2
DA:39,2
DA:40,2
DA:41,2
DA:42,2
DA:43,2
DA:44,2
DA:45,2
LF:14
LH:14
end_of_record
SF:lib\domain\entities\movie.dart
DA:19,10
DA:35,0
DA:42,6
DA:43,6
DA:44,6
DA:45,6
DA:46,6
DA:47,6
DA:48,6
DA:49,6
DA:50,6
DA:51,6
DA:52,6
DA:53,6
DA:54,6
DA:55,6
DA:56,6
LF:17
LH:16
end_of_record
SF:lib\data\repositories\movie_repository_impl.dart
DA:13,1
DA:17,1
DA:20,2
DA:21,5
DA:22,1
DA:24,1
DA:29,1
DA:32,2
DA:33,2
DA:34,1
DA:36,1
DA:41,1
DA:44,2
DA:45,3
DA:46,1
DA:48,1
DA:53,1
DA:56,2
DA:57,5
DA:58,1
DA:60,1
DA:65,1
DA:68,2
DA:69,5
DA:70,1
DA:72,1
DA:77,1
DA:80,2
DA:81,5
DA:82,1
DA:84,1
LF:31
LH:31
end_of_record
SF:lib\domain\usecases\get_movie_detail.dart
DA:9,1
DA:11,1
DA:12,2
LF:3
LH:3
end_of_record
SF:lib\domain\usecases\get_movie_recommendations.dart
DA:9,1
DA:11,1
DA:12,2
LF:3
LH:3
end_of_record
SF:lib\domain\usecases\get_now_playing_movies.dart
DA:9,1
DA:11,1
DA:12,2
LF:3
LH:3
end_of_record
SF:lib\domain\usecases\get_popular_movies.dart
DA:9,1
DA:11,1
DA:12,2
LF:3
LH:3
end_of_record
SF:lib\domain\usecases\get_top_rated_movies.dart
DA:9,1
DA:11,1
DA:12,2
LF:3
LH:3
end_of_record
SF:lib\presentation\blocs\movie_nowplaying_bloc\movie_nowplaying_state.dart
DA:4,4
DA:5,1
DA:6,1
DA:15,3
DA:16,1
DA:17,2
DA:22,2
DA:23,1
DA:24,2
LF:9
LH:9
end_of_record
SF:lib\presentation\blocs\movie_nowplaying_bloc\movie_nowplaying_bloc.dart
DA:10,1
DA:12,2
DA:14,1
DA:15,2
DA:16,2
DA:17,1
DA:18,4
DA:19,1
DA:20,3
DA:21,2
LF:10
LH:10
end_of_record
SF:lib\presentation\blocs\movie_popular_bloc\movie_popular_state.dart
DA:4,6
DA:5,1
DA:6,1
DA:15,4
DA:16,1
DA:17,2
DA:22,3
DA:23,1
DA:24,2
LF:9
LH:9
end_of_record
SF:lib\presentation\blocs\movie_popular_bloc\movie_popular_bloc.dart
DA:10,1
DA:12,2
DA:14,1
DA:15,2
DA:16,2
DA:17,1
DA:18,4
DA:19,1
DA:20,3
DA:21,2
LF:10
LH:10
end_of_record
SF:lib\presentation\blocs\movie_toprated_bloc\movie_toprated_state.dart
DA:4,6
DA:5,1
DA:6,1
DA:15,4
DA:16,1
DA:17,2
DA:22,3
DA:23,1
DA:24,2
LF:9
LH:9
end_of_record
SF:lib\presentation\blocs\movie_toprated_bloc\movie_toprated_bloc.dart
DA:10,1
DA:12,2
DA:14,1
DA:15,2
DA:16,2
DA:17,1
DA:18,4
DA:19,1
DA:20,3
DA:21,2
LF:10
LH:10
end_of_record
SF:lib\presentation\blocs\movie_recomendation_bloc\movie_recomendation_state.dart
DA:4,4
DA:5,1
DA:6,1
DA:15,3
DA:16,1
DA:17,2
DA:22,2
DA:23,1
DA:24,2
LF:9
LH:9
end_of_record
SF:lib\presentation\blocs\movie_recomendation_bloc\movie_recomendation_bloc.dart
DA:10,1
DA:12,2
DA:14,1
DA:15,2
DA:16,2
DA:17,1
DA:18,4
DA:19,1
DA:20,3
DA:21,2
LF:10
LH:10
end_of_record
SF:lib\presentation\blocs\movie_detail_bloc\movie_detail_state.dart
DA:4,1
DA:5,1
DA:17,2
DA:18,2
DA:20,2
DA:27,2
DA:31,2
DA:32,2
DA:33,2
DA:38,1
DA:39,1
DA:40,1
DA:41,1
DA:42,1
DA:48,2
DA:49,1
DA:50,2
LF:17
LH:17
end_of_record
SF:lib\presentation\blocs\movie_detail_bloc\movie_detail_event.dart
DA:4,3
DA:5,0
DA:6,0
DA:11,2
DA:12,0
DA:13,0
LF:6
LH:2
end_of_record
SF:lib\presentation\blocs\movie_detail_bloc\movie_detail_bloc.dart
DA:18,1
DA:23,2
DA:24,3
DA:25,3
DA:26,1
DA:27,2
DA:31,1
DA:35,2
DA:37,1
DA:38,2
DA:39,2
DA:41,1
DA:42,1
DA:43,1
DA:45,2
DA:49,2
DA:50,1
DA:51,3
DA:52,1
DA:53,3
DA:57,1
DA:62,2
DA:64,2
DA:67,1
DA:68,2
DA:69,1
DA:71,2
DA:72,1
DA:74,3
DA:78,2
DA:79,1
DA:80,3
DA:84,1
DA:89,2
DA:91,2
DA:94,1
DA:95,2
DA:96,1
DA:98,2
DA:99,1
DA:101,3
DA:105,2
DA:106,1
DA:107,3
LF:44
LH:44
end_of_record
SF:lib\presentation\pages\home_movie_page.dart
DA:9,1
DA:11,1
DA:12,1
DA:16,1
DA:18,1
DA:19,1
DA:20,1
DA:21,1
DA:22,1
DA:24,1
DA:25,1
DA:26,1
DA:28,1
DA:29,1
DA:30,1
DA:32,1
DA:37,2
DA:42,1
DA:44,1
DA:45,1
DA:49,1
DA:50,1
DA:52,0
DA:53,0
DA:59,1
DA:61,1
DA:63,1
DA:65,1
DA:66,1
DA:68,1
DA:70,1
DA:71,1
DA:72,1
DA:79,1
DA:80,1
DA:82,1
DA:84,1
DA:85,1
DA:93,1
DA:95,0
DA:100,1
DA:101,1
DA:102,1
DA:109,1
DA:110,1
DA:112,1
DA:114,1
DA:115,1
DA:123,1
DA:125,0
DA:130,1
DA:131,1
DA:132,1
DA:139,1
DA:140,1
DA:142,1
DA:144,1
DA:145,1
DA:160,1
DA:164,1
DA:166,1
DA:167,1
DA:169,1
DA:171,1
DA:172,3
DA:193,1
DA:199,1
DA:201,1
DA:203,1
DA:204,2
DA:206,2
DA:207,1
DA:208,2
DA:209,1
DA:211,1
DA:212,3
DA:213,0
DA:214,0
DA:217,0
DA:220,2
LF:80
LH:73
end_of_record
SF:lib\presentation\pages\movie_detail_page.dart
DA:14,1
DA:15,1
DA:16,1
DA:20,1
DA:22,1
DA:23,2
DA:24,1
DA:25,1
DA:27,4
DA:28,1
DA:29,1
DA:31,3
DA:35,1
DA:37,1
DA:38,1
DA:39,1
DA:40,1
DA:41,2
DA:42,1
DA:43,1
DA:44,1
DA:45,2
DA:46,2
DA:49,1
DA:51,1
DA:52,2
DA:58,1
DA:59,1
DA:64,1
DA:65,1
DA:66,1
DA:68,1
DA:70,1
DA:73,1
DA:89,1
DA:95,1
DA:97,3
DA:98,1
DA:99,1
DA:100,1
DA:101,3
DA:103,1
DA:106,0
DA:108,1
DA:110,1
DA:112,1
DA:113,1
DA:124,1
DA:125,1
DA:126,1
DA:128,1
DA:130,1
DA:132,1
DA:133,1
DA:134,2
DA:135,1
DA:137,1
DA:139,2
DA:141,1
DA:143,1
DA:145,1
DA:146,1
DA:153,4
DA:154,4
DA:155,1
DA:156,1
DA:157,1
DA:158,3
DA:160,1
DA:166,4
DA:170,2
DA:171,3
DA:173,1
DA:175,1
DA:177,1
DA:182,1
DA:184,1
DA:196,1
DA:198,1
DA:201,1
DA:204,0
DA:205,0
DA:214,1
DA:215,1
DA:216,1
DA:217,1
DA:222,1
DA:223,1
DA:224,1
DA:229,1
DA:234,1
DA:235,1
DA:236,1
DA:237,1
DA:239,1
DA:240,0
DA:241,0
DA:244,0
DA:247,2
DA:253,1
DA:268,1
DA:272,1
DA:273,2
DA:274,2
DA:277,1
DA:279,2
DA:280,3
DA:282,1
DA:285,3
DA:288,1
DA:289,1
DA:290,1
DA:292,1
DA:293,1
DA:295,0
LF:115
LH:108
end_of_record
SF:lib\presentation\pages\popular_movies_page.dart
DA:9,1
DA:10,1
DA:11,1
DA:15,1
DA:17,1
DA:18,1
DA:19,2
DA:20,1
DA:22,1
DA:26,1
DA:28,1
DA:29,1
DA:32,1
DA:34,1
DA:35,1
DA:36,1
DA:40,1
DA:41,1
DA:42,1
DA:44,1
DA:45,1
DA:46,1
DA:47,1
DA:48,2
DA:53,1
LF:25
LH:25
end_of_record
SF:lib\presentation\pages\top_rated_movies_page.dart
DA:9,1
DA:10,1
DA:11,1
DA:15,1
DA:17,1
DA:18,1
DA:19,2
DA:20,1
DA:22,1
DA:26,1
DA:28,1
DA:29,1
DA:32,1
DA:34,1
DA:35,1
DA:36,1
DA:40,1
DA:41,1
DA:42,1
DA:44,1
DA:45,1
DA:46,1
DA:47,1
DA:48,2
DA:53,1
LF:25
LH:25
end_of_record
SF:lib\presentation\widgets\movie_card_list.dart
DA:9,2
DA:11,2
DA:13,2
DA:15,2
DA:16,0
DA:17,0
DA:20,0
DA:23,2
DA:25,2
DA:26,2
DA:27,2
DA:28,6
DA:34,2
DA:36,2
DA:37,2
DA:38,4
DA:41,2
DA:44,2
DA:45,4
DA:53,2
DA:58,2
DA:60,2
DA:61,6
DA:63,2
DA:66,0
LF:25
LH:21
end_of_record
